{"/Users/ericoh/Documents/GitHub/project_team200/src/controller/IInsightFacade.ts":{"path":"/Users/ericoh/Documents/GitHub/project_team200/src/controller/IInsightFacade.ts","statementMap":{"0":{"start":{"line":2,"column":0},"end":{"line":2,"column":62}},"1":{"start":{"line":3,"column":0},"end":{"line":3,"column":113}},"2":{"start":{"line":5,"column":0},"end":{"line":8,"column":89}},"3":{"start":{"line":6,"column":4},"end":{"line":6,"column":48}},"4":{"start":{"line":7,"column":4},"end":{"line":7,"column":42}},"5":{"start":{"line":11,"column":8},"end":{"line":11,"column":23}},"6":{"start":{"line":12,"column":8},"end":{"line":12,"column":52}},"7":{"start":{"line":15,"column":0},"end":{"line":15,"column":36}},"8":{"start":{"line":18,"column":8},"end":{"line":18,"column":23}},"9":{"start":{"line":19,"column":8},"end":{"line":19,"column":53}},"10":{"start":{"line":22,"column":0},"end":{"line":22,"column":38}},"11":{"start":{"line":25,"column":8},"end":{"line":25,"column":23}},"12":{"start":{"line":26,"column":8},"end":{"line":26,"column":59}},"13":{"start":{"line":29,"column":0},"end":{"line":29,"column":50}}},"fnMap":{"0":{"name":"(anonymous_0)","decl":{"start":{"line":5,"column":1},"end":{"line":5,"column":2}},"loc":{"start":{"line":5,"column":31},"end":{"line":8,"column":1}},"line":5},"1":{"name":"(anonymous_1)","decl":{"start":{"line":10,"column":4},"end":{"line":10,"column":5}},"loc":{"start":{"line":10,"column":25},"end":{"line":13,"column":5}},"line":10},"2":{"name":"(anonymous_2)","decl":{"start":{"line":17,"column":4},"end":{"line":17,"column":5}},"loc":{"start":{"line":17,"column":25},"end":{"line":20,"column":5}},"line":17},"3":{"name":"(anonymous_3)","decl":{"start":{"line":24,"column":4},"end":{"line":24,"column":5}},"loc":{"start":{"line":24,"column":25},"end":{"line":27,"column":5}},"line":24}},"branchMap":{"0":{"loc":{"start":{"line":8,"column":24},"end":{"line":8,"column":87}},"type":"binary-expr","locations":[{"start":{"line":8,"column":24},"end":{"line":8,"column":50}},{"start":{"line":8,"column":55},"end":{"line":8,"column":86}}],"line":8}},"s":{"0":1,"1":1,"2":1,"3":1,"4":1,"5":126,"6":126,"7":1,"8":1,"9":1,"10":1,"11":6,"12":6,"13":1},"f":{"0":1,"1":126,"2":1,"3":6},"b":{"0":[1,1]},"inputSourceMap":{"version":3,"file":"/Users/ericoh/Documents/GitHub/project_team200/src/controller/IInsightFacade.ts","sources":["/Users/ericoh/Documents/GitHub/project_team200/src/controller/IInsightFacade.ts"],"names":[],"mappings":";;;AAMA,IAAY,kBAGX;AAHD,WAAY,kBAAkB;IAC7B,2CAAqB,CAAA;IACrB,qCAAe,CAAA;AAChB,CAAC,EAHW,kBAAkB,GAAlB,0BAAkB,KAAlB,0BAAkB,QAG7B;AAYD,MAAa,YAAa,SAAQ,KAAK;IACtC,YAAY,OAAgB;QAC3B,KAAK,CAAC,OAAO,CAAC,CAAC;QACf,KAAK,CAAC,iBAAiB,CAAC,IAAI,EAAE,YAAY,CAAC,CAAC;IAC7C,CAAC;CACD;AALD,oCAKC;AAED,MAAa,aAAc,SAAQ,KAAK;IACvC,YAAY,OAAgB;QAC3B,KAAK,CAAC,OAAO,CAAC,CAAC;QACf,KAAK,CAAC,iBAAiB,CAAC,IAAI,EAAE,aAAa,CAAC,CAAC;IAC9C,CAAC;CACD;AALD,sCAKC;AAED,MAAa,mBAAoB,SAAQ,KAAK;IAC7C,YAAY,OAAgB;QAC3B,KAAK,CAAC,OAAO,CAAC,CAAC;QACf,KAAK,CAAC,iBAAiB,CAAC,IAAI,EAAE,mBAAmB,CAAC,CAAC;IACpD,CAAC;CACD;AALD,kDAKC","sourcesContent":["/*\n * This is the primary high-level API for the project. In this folder there should be:\n * A class called InsightFacade, this should be in a file called InsightFacade.ts.\n * You should not change this interface at all or the test suite will not work.\n */\n\nexport enum InsightDatasetKind {\n\tSections = \"sections\",\n\tRooms = \"rooms\",\n}\n\nexport interface InsightDataset {\n\tid: string;\n\tkind: InsightDatasetKind;\n\tnumRows: number;\n}\n\nexport interface InsightResult {\n\t[key: string]: string | number;\n}\n\nexport class InsightError extends Error {\n\tconstructor(message?: string) {\n\t\tsuper(message);\n\t\tError.captureStackTrace(this, InsightError);\n\t}\n}\n\nexport class NotFoundError extends Error {\n\tconstructor(message?: string) {\n\t\tsuper(message);\n\t\tError.captureStackTrace(this, NotFoundError);\n\t}\n}\n\nexport class ResultTooLargeError extends Error {\n\tconstructor(message?: string) {\n\t\tsuper(message);\n\t\tError.captureStackTrace(this, ResultTooLargeError);\n\t}\n}\n\nexport interface IInsightFacade {\n\t/**\n\t * Add a dataset to insightUBC.\n\t *\n\t * @param id  The id of the dataset being added. Follows the format /^[^_]+$/\n\t * @param content  The base64 content of the dataset. This content should be in the form of a serialized zip file.\n\t * @param kind  The kind of the dataset\n\t *\n\t * @return Promise <string[]>\n\t *\n\t * The promise should fulfill on a successful add, reject for any failures.\n\t * The promise should fulfill with a string array,\n\t * containing the ids of all currently added datasets upon a successful add.\n\t * The promise should reject with an InsightError describing the error.\n\t *\n\t * An id is invalid if it contains an underscore, or is only whitespace characters.\n\t * If id is the same as the id of an already added dataset, the dataset should be rejected and not saved.\n\t *\n\t * After receiving the dataset, it should be processed into a data structure of\n\t * your design. The processed data structure should be persisted to disk; your\n\t * system should be able to load this persisted value into memory for answering\n\t * queries.\n\t *\n\t * Ultimately, a dataset must be added or loaded from disk before queries can\n\t * be successfully answered.\n\t */\n\taddDataset(id: string, content: string, kind: InsightDatasetKind): Promise<string[]>;\n\n\t/**\n\t * Remove a dataset from insightUBC.\n\t *\n\t * @param id  The id of the dataset to remove. Follows the format /^[^_]+$/\n\t *\n\t * @return Promise <string>\n\t *\n\t * The promise should fulfill upon a successful removal, reject on any error.\n\t * Attempting to remove a dataset that hasn't been added yet counts as an error.\n\t *\n\t * An id is invalid if it contains an underscore, or is only whitespace characters.\n\t *\n\t * The promise should fulfill the id of the dataset that was removed.\n\t * The promise should reject with a NotFoundError (if a valid id was not yet added)\n\t * or an InsightError (invalid id or any other source of failure) describing the error.\n\t *\n\t * This will delete both disk and memory caches for the dataset for the id meaning\n\t * that subsequent queries for that id should fail unless a new addDataset happens first.\n\t */\n\tremoveDataset(id: string): Promise<string>;\n\n\t/**\n\t * Perform a query on insightUBC.\n\t *\n\t * @param query  The query to be performed.\n\t *\n\t * If a query is incorrectly formatted, references a dataset not added (in memory or on disk),\n\t * or references multiple datasets, it should be rejected.\n\t *\n\t * @return Promise <InsightResult[]>\n\t *\n\t * The promise should fulfill with an array of results.\n\t * The promise should reject with a ResultTooLargeError (if the query returns too many results)\n\t * or an InsightError (for any other source of failure) describing the error.\n\t */\n\tperformQuery(query: unknown): Promise<InsightResult[]>;\n\n\t/**\n\t * List all currently added datasets, their types, and number of rows.\n\t *\n\t * @return Promise <InsightDataset[]>\n\t * The promise should fulfill an array of currently added InsightDatasets, and will only fulfill.\n\t */\n\tlistDatasets(): Promise<InsightDataset[]>;\n}\n"]},"_coverageSchema":"1a1c01bbd47fc00a2c39e90264f33305004495a9","hash":"71e033b8dbbc870356629d56fb92e68c4838412e","contentHash":"06b4f72cdbafeec40ffb0535436b932a694e00bcde97bf72a11abdf8572407d7"},"/Users/ericoh/Documents/GitHub/project_team200/src/controller/InsightFacade.ts":{"path":"/Users/ericoh/Documents/GitHub/project_team200/src/controller/InsightFacade.ts","statementMap":{"0":{"start":{"line":2,"column":22},"end":{"line":12,"column":3}},"1":{"start":{"line":3,"column":4},"end":{"line":3,"column":33}},"2":{"start":{"line":3,"column":26},"end":{"line":3,"column":33}},"3":{"start":{"line":4,"column":15},"end":{"line":4,"column":52}},"4":{"start":{"line":5,"column":4},"end":{"line":7,"column":5}},"5":{"start":{"line":6,"column":6},"end":{"line":6,"column":68}},"6":{"start":{"line":6,"column":51},"end":{"line":6,"column":63}},"7":{"start":{"line":8,"column":4},"end":{"line":8,"column":39}},"8":{"start":{"line":10,"column":4},"end":{"line":10,"column":33}},"9":{"start":{"line":10,"column":26},"end":{"line":10,"column":33}},"10":{"start":{"line":11,"column":4},"end":{"line":11,"column":17}},"11":{"start":{"line":13,"column":25},"end":{"line":17,"column":2}},"12":{"start":{"line":14,"column":4},"end":{"line":14,"column":72}},"13":{"start":{"line":16,"column":4},"end":{"line":16,"column":21}},"14":{"start":{"line":18,"column":19},"end":{"line":24,"column":1}},"15":{"start":{"line":19,"column":4},"end":{"line":19,"column":42}},"16":{"start":{"line":19,"column":31},"end":{"line":19,"column":42}},"17":{"start":{"line":20,"column":17},"end":{"line":20,"column":19}},"18":{"start":{"line":21,"column":4},"end":{"line":21,"column":141}},"19":{"start":{"line":21,"column":21},"end":{"line":21,"column":141}},"20":{"start":{"line":21,"column":40},"end":{"line":21,"column":141}},"21":{"start":{"line":21,"column":109},"end":{"line":21,"column":141}},"22":{"start":{"line":22,"column":4},"end":{"line":22,"column":36}},"23":{"start":{"line":23,"column":4},"end":{"line":23,"column":18}},"24":{"start":{"line":25,"column":22},"end":{"line":27,"column":1}},"25":{"start":{"line":26,"column":4},"end":{"line":26,"column":62}},"26":{"start":{"line":28,"column":0},"end":{"line":28,"column":62}},"27":{"start":{"line":29,"column":25},"end":{"line":29,"column":52}},"28":{"start":{"line":30,"column":16},"end":{"line":30,"column":49}},"29":{"start":{"line":31,"column":23},"end":{"line":31,"column":57}},"30":{"start":{"line":32,"column":11},"end":{"line":32,"column":44}},"31":{"start":{"line":33,"column":11},"end":{"line":33,"column":56}},"32":{"start":{"line":34,"column":11},"end":{"line":34,"column":51}},"33":{"start":{"line":35,"column":20},"end":{"line":35,"column":51}},"34":{"start":{"line":36,"column":23},"end":{"line":36,"column":57}},"35":{"start":{"line":37,"column":17},"end":{"line":37,"column":34}},"36":{"start":{"line":38,"column":22},"end":{"line":38,"column":46}},"37":{"start":{"line":42,"column":12},"end":{"line":42,"column":14}},"38":{"start":{"line":44,"column":8},"end":{"line":46,"column":9}},"39":{"start":{"line":45,"column":12},"end":{"line":45,"column":71}},"40":{"start":{"line":47,"column":8},"end":{"line":49,"column":9}},"41":{"start":{"line":48,"column":12},"end":{"line":48,"column":71}},"42":{"start":{"line":50,"column":8},"end":{"line":60,"column":9}},"43":{"start":{"line":51,"column":12},"end":{"line":53,"column":13}},"44":{"start":{"line":52,"column":16},"end":{"line":52,"column":65}},"45":{"start":{"line":54,"column":12},"end":{"line":56,"column":13}},"46":{"start":{"line":55,"column":16},"end":{"line":55,"column":63}},"47":{"start":{"line":59,"column":12},"end":{"line":59,"column":71}},"48":{"start":{"line":61,"column":8},"end":{"line":61,"column":26}},"49":{"start":{"line":64,"column":8},"end":{"line":98,"column":9}},"50":{"start":{"line":65,"column":31},"end":{"line":65,"column":64}},"51":{"start":{"line":66,"column":24},"end":{"line":66,"column":45}},"52":{"start":{"line":67,"column":22},"end":{"line":67,"column":68}},"53":{"start":{"line":68,"column":29},"end":{"line":68,"column":64}},"54":{"start":{"line":69,"column":30},"end":{"line":69,"column":74}},"55":{"start":{"line":70,"column":12},"end":{"line":72,"column":13}},"56":{"start":{"line":71,"column":16},"end":{"line":71,"column":75}},"57":{"start":{"line":73,"column":29},"end":{"line":73,"column":59}},"58":{"start":{"line":74,"column":12},"end":{"line":76,"column":13}},"59":{"start":{"line":75,"column":16},"end":{"line":75,"column":75}},"60":{"start":{"line":77,"column":12},"end":{"line":77,"column":65}},"61":{"start":{"line":78,"column":12},"end":{"line":83,"column":13}},"62":{"start":{"line":79,"column":16},"end":{"line":79,"column":70}},"63":{"start":{"line":80,"column":16},"end":{"line":82,"column":17}},"64":{"start":{"line":81,"column":20},"end":{"line":81,"column":58}},"65":{"start":{"line":84,"column":27},"end":{"line":84,"column":81}},"66":{"start":{"line":85,"column":12},"end":{"line":87,"column":13}},"67":{"start":{"line":86,"column":16},"end":{"line":86,"column":75}},"68":{"start":{"line":88,"column":26},"end":{"line":88,"column":43}},"69":{"start":{"line":89,"column":12},"end":{"line":89,"column":75}},"70":{"start":{"line":90,"column":12},"end":{"line":92,"column":13}},"71":{"start":{"line":91,"column":16},"end":{"line":91,"column":75}},"72":{"start":{"line":93,"column":12},"end":{"line":93,"column":32}},"73":{"start":{"line":94,"column":12},"end":{"line":94,"column":51}},"74":{"start":{"line":97,"column":12},"end":{"line":97,"column":71}},"75":{"start":{"line":99,"column":8},"end":{"line":99,"column":26}},"76":{"start":{"line":102,"column":8},"end":{"line":132,"column":9}},"77":{"start":{"line":103,"column":29},"end":{"line":103,"column":70}},"78":{"start":{"line":104,"column":24},"end":{"line":104,"column":45}},"79":{"start":{"line":105,"column":12},"end":{"line":105,"column":59}},"80":{"start":{"line":106,"column":34},"end":{"line":106,"column":55}},"81":{"start":{"line":107,"column":12},"end":{"line":109,"column":13}},"82":{"start":{"line":108,"column":16},"end":{"line":108,"column":75}},"83":{"start":{"line":110,"column":26},"end":{"line":110,"column":50}},"84":{"start":{"line":111,"column":12},"end":{"line":113,"column":13}},"85":{"start":{"line":112,"column":16},"end":{"line":112,"column":75}},"86":{"start":{"line":114,"column":41},"end":{"line":122,"column":14}},"87":{"start":{"line":115,"column":36},"end":{"line":115,"column":60}},"88":{"start":{"line":116,"column":16},"end":{"line":121,"column":17}},"89":{"start":{"line":117,"column":37},"end":{"line":117,"column":60}},"90":{"start":{"line":118,"column":20},"end":{"line":118,"column":55}},"91":{"start":{"line":123,"column":12},"end":{"line":123,"column":52}},"92":{"start":{"line":124,"column":12},"end":{"line":126,"column":13}},"93":{"start":{"line":125,"column":16},"end":{"line":125,"column":75}},"94":{"start":{"line":127,"column":12},"end":{"line":127,"column":32}},"95":{"start":{"line":128,"column":12},"end":{"line":128,"column":51}},"96":{"start":{"line":131,"column":12},"end":{"line":131,"column":71}},"97":{"start":{"line":133,"column":8},"end":{"line":133,"column":26}},"98":{"start":{"line":136,"column":8},"end":{"line":145,"column":9}},"99":{"start":{"line":144,"column":12},"end":{"line":144,"column":71}},"100":{"start":{"line":146,"column":8},"end":{"line":148,"column":9}},"101":{"start":{"line":147,"column":12},"end":{"line":147,"column":72}},"102":{"start":{"line":149,"column":25},"end":{"line":149,"column":37}},"103":{"start":{"line":150,"column":25},"end":{"line":150,"column":45}},"104":{"start":{"line":151,"column":8},"end":{"line":151,"column":43}},"105":{"start":{"line":152,"column":22},"end":{"line":152,"column":44}},"106":{"start":{"line":153,"column":8},"end":{"line":155,"column":9}},"107":{"start":{"line":154,"column":12},"end":{"line":154,"column":40}},"108":{"start":{"line":156,"column":8},"end":{"line":156,"column":35}},"109":{"start":{"line":159,"column":28},"end":{"line":159,"column":30}},"110":{"start":{"line":160,"column":24},"end":{"line":160,"column":32}},"111":{"start":{"line":161,"column":8},"end":{"line":192,"column":9}},"112":{"start":{"line":162,"column":12},"end":{"line":162,"column":40}},"113":{"start":{"line":163,"column":26},"end":{"line":163,"column":49}},"114":{"start":{"line":164,"column":33},"end":{"line":188,"column":14}},"115":{"start":{"line":165,"column":27},"end":{"line":165,"column":45}},"116":{"start":{"line":166,"column":27},"end":{"line":166,"column":71}},"117":{"start":{"line":167,"column":30},"end":{"line":167,"column":31}},"118":{"start":{"line":168,"column":16},"end":{"line":184,"column":17}},"119":{"start":{"line":169,"column":37},"end":{"line":169,"column":57}},"120":{"start":{"line":170,"column":41},"end":{"line":170,"column":76}},"121":{"start":{"line":171,"column":37},"end":{"line":171,"column":61}},"122":{"start":{"line":172,"column":32},"end":{"line":172,"column":48}},"123":{"start":{"line":173,"column":20},"end":{"line":175,"column":21}},"124":{"start":{"line":174,"column":24},"end":{"line":174,"column":73}},"125":{"start":{"line":176,"column":20},"end":{"line":178,"column":21}},"126":{"start":{"line":177,"column":24},"end":{"line":177,"column":62}},"127":{"start":{"line":179,"column":20},"end":{"line":181,"column":21}},"128":{"start":{"line":180,"column":24},"end":{"line":180,"column":60}},"129":{"start":{"line":185,"column":16},"end":{"line":187,"column":17}},"130":{"start":{"line":186,"column":20},"end":{"line":186,"column":60}},"131":{"start":{"line":189,"column":12},"end":{"line":189,"column":44}},"132":{"start":{"line":193,"column":8},"end":{"line":193,"column":44}},"133":{"start":{"line":196,"column":8},"end":{"line":214,"column":9}},"134":{"start":{"line":197,"column":12},"end":{"line":197,"column":37}},"135":{"start":{"line":198,"column":29},"end":{"line":198,"column":34}},"136":{"start":{"line":199,"column":27},"end":{"line":199,"column":47}},"137":{"start":{"line":200,"column":29},"end":{"line":200,"column":55}},"138":{"start":{"line":201,"column":36},"end":{"line":201,"column":74}},"139":{"start":{"line":202,"column":34},"end":{"line":202,"column":96}},"140":{"start":{"line":203,"column":29},"end":{"line":203,"column":84}},"141":{"start":{"line":204,"column":29},"end":{"line":204,"column":65}},"142":{"start":{"line":205,"column":12},"end":{"line":205,"column":47}},"143":{"start":{"line":208,"column":12},"end":{"line":213,"column":13}},"144":{"start":{"line":209,"column":16},"end":{"line":209,"column":82}},"145":{"start":{"line":212,"column":16},"end":{"line":212,"column":75}},"146":{"start":{"line":217,"column":0},"end":{"line":217,"column":32}}},"fnMap":{"0":{"name":"(anonymous_0)","decl":{"start":{"line":2,"column":74},"end":{"line":2,"column":75}},"loc":{"start":{"line":2,"column":96},"end":{"line":9,"column":1}},"line":2},"1":{"name":"(anonymous_1)","decl":{"start":{"line":6,"column":38},"end":{"line":6,"column":39}},"loc":{"start":{"line":6,"column":49},"end":{"line":6,"column":65}},"line":6},"2":{"name":"(anonymous_2)","decl":{"start":{"line":9,"column":6},"end":{"line":9,"column":7}},"loc":{"start":{"line":9,"column":28},"end":{"line":12,"column":1}},"line":9},"3":{"name":"(anonymous_3)","decl":{"start":{"line":13,"column":80},"end":{"line":13,"column":81}},"loc":{"start":{"line":13,"column":95},"end":{"line":15,"column":1}},"line":13},"4":{"name":"(anonymous_4)","decl":{"start":{"line":15,"column":5},"end":{"line":15,"column":6}},"loc":{"start":{"line":15,"column":20},"end":{"line":17,"column":1}},"line":15},"5":{"name":"(anonymous_5)","decl":{"start":{"line":18,"column":50},"end":{"line":18,"column":51}},"loc":{"start":{"line":18,"column":65},"end":{"line":24,"column":1}},"line":18},"6":{"name":"(anonymous_6)","decl":{"start":{"line":25,"column":56},"end":{"line":25,"column":57}},"loc":{"start":{"line":25,"column":71},"end":{"line":27,"column":1}},"line":25},"7":{"name":"(anonymous_7)","decl":{"start":{"line":40,"column":4},"end":{"line":40,"column":5}},"loc":{"start":{"line":40,"column":18},"end":{"line":41,"column":5}},"line":40},"8":{"name":"(anonymous_8)","decl":{"start":{"line":43,"column":4},"end":{"line":43,"column":5}},"loc":{"start":{"line":43,"column":40},"end":{"line":62,"column":5}},"line":43},"9":{"name":"(anonymous_9)","decl":{"start":{"line":63,"column":4},"end":{"line":63,"column":5}},"loc":{"start":{"line":63,"column":45},"end":{"line":100,"column":5}},"line":63},"10":{"name":"(anonymous_10)","decl":{"start":{"line":101,"column":4},"end":{"line":101,"column":5}},"loc":{"start":{"line":101,"column":47},"end":{"line":134,"column":5}},"line":101},"11":{"name":"(anonymous_11)","decl":{"start":{"line":114,"column":51},"end":{"line":114,"column":52}},"loc":{"start":{"line":114,"column":67},"end":{"line":122,"column":13}},"line":114},"12":{"name":"(anonymous_12)","decl":{"start":{"line":135,"column":4},"end":{"line":135,"column":5}},"loc":{"start":{"line":135,"column":22},"end":{"line":157,"column":5}},"line":135},"13":{"name":"(anonymous_13)","decl":{"start":{"line":158,"column":4},"end":{"line":158,"column":5}},"loc":{"start":{"line":158,"column":25},"end":{"line":194,"column":5}},"line":158},"14":{"name":"(anonymous_14)","decl":{"start":{"line":164,"column":43},"end":{"line":164,"column":44}},"loc":{"start":{"line":164,"column":59},"end":{"line":188,"column":13}},"line":164},"15":{"name":"(anonymous_15)","decl":{"start":{"line":195,"column":4},"end":{"line":195,"column":5}},"loc":{"start":{"line":195,"column":30},"end":{"line":215,"column":5}},"line":195}},"branchMap":{"0":{"loc":{"start":{"line":2,"column":22},"end":{"line":12,"column":3}},"type":"binary-expr","locations":[{"start":{"line":2,"column":23},"end":{"line":2,"column":27}},{"start":{"line":2,"column":31},"end":{"line":2,"column":51}},{"start":{"line":2,"column":57},"end":{"line":12,"column":2}}],"line":2},"1":{"loc":{"start":{"line":2,"column":57},"end":{"line":12,"column":2}},"type":"cond-expr","locations":[{"start":{"line":2,"column":74},"end":{"line":9,"column":1}},{"start":{"line":9,"column":6},"end":{"line":12,"column":1}}],"line":2},"2":{"loc":{"start":{"line":3,"column":4},"end":{"line":3,"column":33}},"type":"if","locations":[{"start":{"line":3,"column":4},"end":{"line":3,"column":33}},{"start":{"line":3,"column":4},"end":{"line":3,"column":33}}],"line":3},"3":{"loc":{"start":{"line":5,"column":4},"end":{"line":7,"column":5}},"type":"if","locations":[{"start":{"line":5,"column":4},"end":{"line":7,"column":5}},{"start":{"line":5,"column":4},"end":{"line":7,"column":5}}],"line":5},"4":{"loc":{"start":{"line":5,"column":8},"end":{"line":5,"column":85}},"type":"binary-expr","locations":[{"start":{"line":5,"column":8},"end":{"line":5,"column":13}},{"start":{"line":5,"column":18},"end":{"line":5,"column":84}}],"line":5},"5":{"loc":{"start":{"line":5,"column":18},"end":{"line":5,"column":84}},"type":"cond-expr","locations":[{"start":{"line":5,"column":34},"end":{"line":5,"column":47}},{"start":{"line":5,"column":50},"end":{"line":5,"column":84}}],"line":5},"6":{"loc":{"start":{"line":5,"column":50},"end":{"line":5,"column":84}},"type":"binary-expr","locations":[{"start":{"line":5,"column":50},"end":{"line":5,"column":63}},{"start":{"line":5,"column":67},"end":{"line":5,"column":84}}],"line":5},"7":{"loc":{"start":{"line":10,"column":4},"end":{"line":10,"column":33}},"type":"if","locations":[{"start":{"line":10,"column":4},"end":{"line":10,"column":33}},{"start":{"line":10,"column":4},"end":{"line":10,"column":33}}],"line":10},"8":{"loc":{"start":{"line":13,"column":25},"end":{"line":17,"column":2}},"type":"binary-expr","locations":[{"start":{"line":13,"column":26},"end":{"line":13,"column":30}},{"start":{"line":13,"column":34},"end":{"line":13,"column":57}},{"start":{"line":13,"column":63},"end":{"line":17,"column":1}}],"line":13},"9":{"loc":{"start":{"line":13,"column":63},"end":{"line":17,"column":1}},"type":"cond-expr","locations":[{"start":{"line":13,"column":80},"end":{"line":15,"column":1}},{"start":{"line":15,"column":5},"end":{"line":17,"column":1}}],"line":13},"10":{"loc":{"start":{"line":18,"column":19},"end":{"line":24,"column":1}},"type":"binary-expr","locations":[{"start":{"line":18,"column":20},"end":{"line":18,"column":24}},{"start":{"line":18,"column":28},"end":{"line":18,"column":45}},{"start":{"line":18,"column":50},"end":{"line":24,"column":1}}],"line":18},"11":{"loc":{"start":{"line":19,"column":4},"end":{"line":19,"column":42}},"type":"if","locations":[{"start":{"line":19,"column":4},"end":{"line":19,"column":42}},{"start":{"line":19,"column":4},"end":{"line":19,"column":42}}],"line":19},"12":{"loc":{"start":{"line":19,"column":8},"end":{"line":19,"column":29}},"type":"binary-expr","locations":[{"start":{"line":19,"column":8},"end":{"line":19,"column":11}},{"start":{"line":19,"column":15},"end":{"line":19,"column":29}}],"line":19},"13":{"loc":{"start":{"line":21,"column":4},"end":{"line":21,"column":141}},"type":"if","locations":[{"start":{"line":21,"column":4},"end":{"line":21,"column":141}},{"start":{"line":21,"column":4},"end":{"line":21,"column":141}}],"line":21},"14":{"loc":{"start":{"line":21,"column":40},"end":{"line":21,"column":141}},"type":"if","locations":[{"start":{"line":21,"column":40},"end":{"line":21,"column":141}},{"start":{"line":21,"column":40},"end":{"line":21,"column":141}}],"line":21},"15":{"loc":{"start":{"line":21,"column":44},"end":{"line":21,"column":107}},"type":"binary-expr","locations":[{"start":{"line":21,"column":44},"end":{"line":21,"column":59}},{"start":{"line":21,"column":63},"end":{"line":21,"column":107}}],"line":21},"16":{"loc":{"start":{"line":25,"column":22},"end":{"line":27,"column":1}},"type":"binary-expr","locations":[{"start":{"line":25,"column":23},"end":{"line":25,"column":27}},{"start":{"line":25,"column":31},"end":{"line":25,"column":51}},{"start":{"line":25,"column":56},"end":{"line":27,"column":1}}],"line":25},"17":{"loc":{"start":{"line":26,"column":11},"end":{"line":26,"column":61}},"type":"cond-expr","locations":[{"start":{"line":26,"column":37},"end":{"line":26,"column":40}},{"start":{"line":26,"column":43},"end":{"line":26,"column":61}}],"line":26},"18":{"loc":{"start":{"line":26,"column":12},"end":{"line":26,"column":33}},"type":"binary-expr","locations":[{"start":{"line":26,"column":12},"end":{"line":26,"column":15}},{"start":{"line":26,"column":19},"end":{"line":26,"column":33}}],"line":26},"19":{"loc":{"start":{"line":44,"column":8},"end":{"line":46,"column":9}},"type":"if","locations":[{"start":{"line":44,"column":8},"end":{"line":46,"column":9}},{"start":{"line":44,"column":8},"end":{"line":46,"column":9}}],"line":44},"20":{"loc":{"start":{"line":47,"column":8},"end":{"line":49,"column":9}},"type":"if","locations":[{"start":{"line":47,"column":8},"end":{"line":49,"column":9}},{"start":{"line":47,"column":8},"end":{"line":49,"column":9}}],"line":47},"21":{"loc":{"start":{"line":51,"column":12},"end":{"line":53,"column":13}},"type":"if","locations":[{"start":{"line":51,"column":12},"end":{"line":53,"column":13}},{"start":{"line":51,"column":12},"end":{"line":53,"column":13}}],"line":51},"22":{"loc":{"start":{"line":54,"column":12},"end":{"line":56,"column":13}},"type":"if","locations":[{"start":{"line":54,"column":12},"end":{"line":56,"column":13}},{"start":{"line":54,"column":12},"end":{"line":56,"column":13}}],"line":54},"23":{"loc":{"start":{"line":70,"column":12},"end":{"line":72,"column":13}},"type":"if","locations":[{"start":{"line":70,"column":12},"end":{"line":72,"column":13}},{"start":{"line":70,"column":12},"end":{"line":72,"column":13}}],"line":70},"24":{"loc":{"start":{"line":74,"column":12},"end":{"line":76,"column":13}},"type":"if","locations":[{"start":{"line":74,"column":12},"end":{"line":76,"column":13}},{"start":{"line":74,"column":12},"end":{"line":76,"column":13}}],"line":74},"25":{"loc":{"start":{"line":80,"column":16},"end":{"line":82,"column":17}},"type":"if","locations":[{"start":{"line":80,"column":16},"end":{"line":82,"column":17}},{"start":{"line":80,"column":16},"end":{"line":82,"column":17}}],"line":80},"26":{"loc":{"start":{"line":80,"column":20},"end":{"line":80,"column":74}},"type":"binary-expr","locations":[{"start":{"line":80,"column":20},"end":{"line":80,"column":45}},{"start":{"line":80,"column":49},"end":{"line":80,"column":74}}],"line":80},"27":{"loc":{"start":{"line":85,"column":12},"end":{"line":87,"column":13}},"type":"if","locations":[{"start":{"line":85,"column":12},"end":{"line":87,"column":13}},{"start":{"line":85,"column":12},"end":{"line":87,"column":13}}],"line":85},"28":{"loc":{"start":{"line":90,"column":12},"end":{"line":92,"column":13}},"type":"if","locations":[{"start":{"line":90,"column":12},"end":{"line":92,"column":13}},{"start":{"line":90,"column":12},"end":{"line":92,"column":13}}],"line":90},"29":{"loc":{"start":{"line":107,"column":12},"end":{"line":109,"column":13}},"type":"if","locations":[{"start":{"line":107,"column":12},"end":{"line":109,"column":13}},{"start":{"line":107,"column":12},"end":{"line":109,"column":13}}],"line":107},"30":{"loc":{"start":{"line":111,"column":12},"end":{"line":113,"column":13}},"type":"if","locations":[{"start":{"line":111,"column":12},"end":{"line":113,"column":13}},{"start":{"line":111,"column":12},"end":{"line":113,"column":13}}],"line":111},"31":{"loc":{"start":{"line":111,"column":16},"end":{"line":111,"column":44}},"type":"binary-expr","locations":[{"start":{"line":111,"column":16},"end":{"line":111,"column":22}},{"start":{"line":111,"column":26},"end":{"line":111,"column":44}}],"line":111},"32":{"loc":{"start":{"line":124,"column":12},"end":{"line":126,"column":13}},"type":"if","locations":[{"start":{"line":124,"column":12},"end":{"line":126,"column":13}},{"start":{"line":124,"column":12},"end":{"line":126,"column":13}}],"line":124},"33":{"loc":{"start":{"line":136,"column":8},"end":{"line":145,"column":9}},"type":"if","locations":[{"start":{"line":136,"column":8},"end":{"line":145,"column":9}},{"start":{"line":136,"column":8},"end":{"line":145,"column":9}}],"line":136},"34":{"loc":{"start":{"line":136,"column":12},"end":{"line":143,"column":23}},"type":"binary-expr","locations":[{"start":{"line":136,"column":12},"end":{"line":136,"column":28}},{"start":{"line":137,"column":12},"end":{"line":137,"column":22}},{"start":{"line":138,"column":12},"end":{"line":138,"column":27}},{"start":{"line":139,"column":12},"end":{"line":139,"column":23}},{"start":{"line":140,"column":12},"end":{"line":140,"column":23}},{"start":{"line":141,"column":12},"end":{"line":141,"column":23}},{"start":{"line":142,"column":12},"end":{"line":142,"column":23}},{"start":{"line":143,"column":12},"end":{"line":143,"column":23}}],"line":136},"35":{"loc":{"start":{"line":146,"column":8},"end":{"line":148,"column":9}},"type":"if","locations":[{"start":{"line":146,"column":8},"end":{"line":148,"column":9}},{"start":{"line":146,"column":8},"end":{"line":148,"column":9}}],"line":146},"36":{"loc":{"start":{"line":153,"column":8},"end":{"line":155,"column":9}},"type":"if","locations":[{"start":{"line":153,"column":8},"end":{"line":155,"column":9}},{"start":{"line":153,"column":8},"end":{"line":155,"column":9}}],"line":153},"37":{"loc":{"start":{"line":173,"column":20},"end":{"line":175,"column":21}},"type":"if","locations":[{"start":{"line":173,"column":20},"end":{"line":175,"column":21}},{"start":{"line":173,"column":20},"end":{"line":175,"column":21}}],"line":173},"38":{"loc":{"start":{"line":176,"column":20},"end":{"line":178,"column":21}},"type":"if","locations":[{"start":{"line":176,"column":20},"end":{"line":178,"column":21}},{"start":{"line":176,"column":20},"end":{"line":178,"column":21}}],"line":176},"39":{"loc":{"start":{"line":176,"column":24},"end":{"line":176,"column":95}},"type":"binary-expr","locations":[{"start":{"line":176,"column":24},"end":{"line":176,"column":32}},{"start":{"line":176,"column":36},"end":{"line":176,"column":56}},{"start":{"line":176,"column":60},"end":{"line":176,"column":95}}],"line":176},"40":{"loc":{"start":{"line":179,"column":20},"end":{"line":181,"column":21}},"type":"if","locations":[{"start":{"line":179,"column":20},"end":{"line":181,"column":21}},{"start":{"line":179,"column":20},"end":{"line":181,"column":21}}],"line":179},"41":{"loc":{"start":{"line":179,"column":24},"end":{"line":179,"column":91}},"type":"binary-expr","locations":[{"start":{"line":179,"column":24},"end":{"line":179,"column":32}},{"start":{"line":179,"column":36},"end":{"line":179,"column":54}},{"start":{"line":179,"column":58},"end":{"line":179,"column":91}}],"line":179},"42":{"loc":{"start":{"line":185,"column":16},"end":{"line":187,"column":17}},"type":"if","locations":[{"start":{"line":185,"column":16},"end":{"line":187,"column":17}},{"start":{"line":185,"column":16},"end":{"line":187,"column":17}}],"line":185},"43":{"loc":{"start":{"line":208,"column":12},"end":{"line":213,"column":13}},"type":"if","locations":[{"start":{"line":208,"column":12},"end":{"line":213,"column":13}},{"start":{"line":208,"column":12},"end":{"line":213,"column":13}}],"line":208}},"s":{"0":1,"1":146,"2":146,"3":146,"4":146,"5":146,"6":408,"7":146,"8":0,"9":0,"10":0,"11":1,"12":1,"13":0,"14":1,"15":3,"16":2,"17":1,"18":1,"19":1,"20":146,"21":146,"22":1,"23":1,"24":1,"25":1,"26":1,"27":1,"28":1,"29":1,"30":1,"31":1,"32":1,"33":1,"34":1,"35":1,"36":1,"37":150,"38":51,"39":11,"40":40,"41":1,"42":39,"43":39,"44":35,"45":4,"46":4,"47":0,"48":0,"49":4,"50":4,"51":4,"52":4,"53":4,"54":4,"55":4,"56":0,"57":4,"58":4,"59":0,"60":4,"61":4,"62":296,"63":296,"64":0,"65":4,"66":4,"67":0,"68":4,"69":4,"70":4,"71":0,"72":4,"73":4,"74":0,"75":4,"76":35,"77":35,"78":35,"79":35,"80":35,"81":35,"82":0,"83":35,"84":35,"85":1,"86":34,"87":19618,"88":19618,"89":19618,"90":19611,"91":34,"92":34,"93":10,"94":24,"95":24,"96":0,"97":24,"98":16,"99":10,"100":6,"101":1,"102":5,"103":5,"104":5,"105":5,"106":5,"107":5,"108":5,"109":103,"110":103,"111":103,"112":103,"113":103,"114":103,"115":197,"116":197,"117":197,"118":197,"119":197,"120":197,"121":197,"122":197,"123":197,"124":96,"125":197,"126":101,"127":197,"128":96,"129":197,"130":197,"131":103,"132":103,"133":110,"134":110,"135":104,"136":104,"137":93,"138":93,"139":81,"140":76,"141":65,"142":61,"143":49,"144":3,"145":46,"146":1},"f":{"0":146,"1":408,"2":0,"3":1,"4":0,"5":3,"6":1,"7":150,"8":51,"9":4,"10":35,"11":19618,"12":16,"13":103,"14":197,"15":110},"b":{"0":[1,1,1],"1":[1,0],"2":[146,0],"3":[146,0],"4":[146,146],"5":[0,146],"6":[146,0],"7":[0,0],"8":[1,1,1],"9":[1,0],"10":[1,1,1],"11":[2,1],"12":[3,3],"13":[1,0],"14":[146,0],"15":[146,146],"16":[1,1,1],"17":[0,1],"18":[1,1],"19":[11,40],"20":[1,39],"21":[35,4],"22":[4,0],"23":[0,4],"24":[0,4],"25":[0,296],"26":[296,0],"27":[0,4],"28":[0,4],"29":[0,35],"30":[1,34],"31":[35,35],"32":[10,24],"33":[10,6],"34":[16,13,12,11,10,9,8,7],"35":[1,5],"36":[5,0],"37":[96,101],"38":[101,96],"39":[197,197,101],"40":[96,101],"41":[197,197,96],"42":[197,0],"43":[3,46]},"inputSourceMap":{"version":3,"file":"/Users/ericoh/Documents/GitHub/project_team200/src/controller/InsightFacade.ts","sources":["/Users/ericoh/Documents/GitHub/project_team200/src/controller/InsightFacade.ts"],"names":[],"mappings":";;;;;;;;;;;;;;;;;;;;;;;;;;;;AAAA,qDAQ0B;AAE1B,kDAA0B;AAC1B,0DAAqD;AACrD,6CAA+B;AAC/B,yDAA2C;AAC3C,oDAAsC;AACtC,oDAA+C;AAE/C,0DAAqD;AAErD,mCAA6B;AAC7B,+CAAuE;AAQvE,MAAqB,aAAa;IACjC;IAEA,CAAC;IAEM,KAAK,GAAa,EAAE,CAAC;IAErB,KAAK,CAAC,UAAU,CAAC,EAAU,EAAE,OAAe,EAAE,IAAwB;QAC5E,IAAI,CAAC,EAAE,CAAC,aAAa,CAAC,EAAE,EAAE,IAAI,CAAC,EAAE;YAChC,OAAO,OAAO,CAAC,MAAM,CAAC,IAAI,6BAAY,EAAE,CAAC,CAAC;SAC1C;QAGD,IAAI,IAAI,CAAC,KAAK,CAAC,QAAQ,CAAC,EAAE,CAAC,EAAE;YAC5B,OAAO,OAAO,CAAC,MAAM,CAAC,IAAI,6BAAY,EAAE,CAAC,CAAC;SAC1C;QAED,IAAG;YACF,IAAI,IAAI,KAAK,mCAAkB,CAAC,QAAQ,EAAE;gBACzC,OAAO,IAAI,CAAC,iBAAiB,CAAC,EAAE,EAAE,OAAO,EAAE,IAAI,CAAC,CAAC;aACjD;YACD,IAAI,IAAI,KAAK,mCAAkB,CAAC,KAAK,EAAE;gBACtC,OAAO,IAAI,CAAC,eAAe,CAAC,EAAE,EAAE,OAAO,EAAE,IAAI,CAAC,CAAC;aAC/C;SACD;QAAC,OAAO,KAAK,EAAE;YACf,OAAO,OAAO,CAAC,MAAM,CAAC,IAAI,6BAAY,EAAE,CAAC,CAAC;SAC1C;QACD,OAAO,IAAI,CAAC,KAAK,CAAC;IACnB,CAAC;IAEM,KAAK,CAAC,eAAe,CAAC,EAAU,EAAE,OAAe,EAAE,IAAwB;QACjF,IAAI;YAEH,IAAI,YAAY,GAAiB,IAAI,2BAAY,EAAE,CAAC;YACpD,MAAM,GAAG,GAAG,IAAI,eAAK,EAAE,CAAC;YACxB,IAAI,GAAG,GAAG,MAAM,GAAG,CAAC,SAAS,CAAC,OAAO,EAAE,EAAC,MAAM,EAAE,IAAI,EAAC,CAAC,CAAC;YAEvD,MAAM,QAAQ,GAAG,IAAI,qBAAS,CAAC,EAAE,EAAE,IAAI,CAAC,CAAC;YAGzC,MAAM,SAAS,GAAG,MAAM,GAAG,CAAC,KAAK,CAAC,WAAW,CAAC,CAAC,KAAK,CAAC,QAAQ,CAAC,CAAC;YAI/D,IAAI,CAAC,SAAS,EAAE;gBACf,OAAO,OAAO,CAAC,MAAM,CAAC,IAAI,6BAAY,EAAE,CAAC,CAAC;aAC1C;YAED,MAAM,QAAQ,GAAG,IAAA,cAAK,EAAC,SAAS,CAAC,CAAC;YAElC,IAAI,CAAC,IAAA,uBAAS,EAAC,QAAQ,CAAC,EAAE;gBACzB,OAAO,OAAO,CAAC,MAAM,CAAC,IAAI,6BAAY,EAAE,CAAC,CAAC;aAC1C;YAED,IAAA,uBAAS,EAAC,QAAQ,EAAE,YAAY,CAAC,CAAC;YAElC,KAAK,IAAI,QAAQ,IAAI,YAAY,CAAC,eAAe,EAAE,EAAE;gBACpD,IAAA,wBAAU,EAAC,QAAQ,EAAE,YAAY,CAAC,CAAC;gBACnC,IAAI,QAAQ,CAAC,MAAM,EAAE,KAAK,GAAG,IAAI,QAAQ,CAAC,MAAM,EAAE,KAAK,GAAG,EAAE;oBAC3D,YAAY,CAAC,cAAc,CAAC,QAAQ,CAAC,CAAC;iBACtC;aACD;YAGD,MAAM,MAAM,GAAG,GAAG,CAAC,MAAM,CAAC,0CAA0C,CAAC,CAAC;YAEtE,IAAI,CAAC,MAAM,EAAE;gBACZ,OAAO,OAAO,CAAC,MAAM,CAAC,IAAI,6BAAY,EAAE,CAAC,CAAC;aAC1C;YAGD,MAAM,KAAK,GAAG,MAAM,CAAC,IAAI,CAAC,IAAI,CAAC,CAAC;YAChC,MAAM,IAAA,oBAAM,EAAC,KAAK,EAAE,YAAY,EAAE,QAAQ,CAAC,CAAC;YAE5C,IAAI,QAAQ,CAAC,mBAAmB,EAAE,KAAK,CAAC,EAAE;gBACzC,OAAO,OAAO,CAAC,MAAM,CAAC,IAAI,6BAAY,EAAE,CAAC,CAAC;aAC1C;YAED,IAAI,CAAC,KAAK,CAAC,IAAI,CAAC,EAAE,CAAC,CAAC;YACpB,MAAM,EAAE,CAAC,eAAe,CAAC,QAAQ,EAAE,EAAE,CAAC,CAAC;SACvC;QAAC,OAAO,KAAK,EAAE;YACf,OAAO,OAAO,CAAC,MAAM,CAAC,IAAI,6BAAY,EAAE,CAAC,CAAC;SAC1C;QACD,OAAO,IAAI,CAAC,KAAK,CAAC;IACnB,CAAC;IAEM,KAAK,CAAC,iBAAiB,CAAC,EAAU,EAAE,OAAe,EAAE,IAAwB;QACnF,IAAI;YACH,MAAM,QAAQ,GAAG,IAAI,2BAAY,CAAC,EAAE,EAAE,IAAI,CAAC,CAAC;YAE5C,MAAM,GAAG,GAAG,IAAI,eAAK,EAAE,CAAC;YACxB,MAAM,GAAG,CAAC,SAAS,CAAC,OAAO,EAAE,EAAC,MAAM,EAAE,IAAI,EAAC,CAAC,CAAC;YAC7C,MAAM,aAAa,GAAG,GAAG,CAAC,MAAM,CAAC,SAAS,CAAC,CAAC;YAG5C,IAAI,CAAC,aAAa,EAAE;gBACnB,OAAO,OAAO,CAAC,MAAM,CAAC,IAAI,6BAAY,EAAE,CAAC,CAAC;aAC1C;YAED,MAAM,KAAK,GAAG,aAAa,CAAC,IAAI,CAAC,IAAI,CAAC,CAAC;YACvC,IAAI,CAAC,KAAK,IAAI,KAAK,CAAC,MAAM,KAAK,CAAC,EAAE;gBACjC,OAAO,OAAO,CAAC,MAAM,CAAC,IAAI,6BAAY,EAAE,CAAC,CAAC;aAC1C;YAGD,MAAM,oBAAoB,GAAG,KAAK,CAAC,GAAG,CAAC,KAAK,EAAE,IAAI,EAAE,EAAE;gBACrD,MAAM,WAAW,GAAG,MAAM,IAAI,CAAC,KAAK,CAAC,MAAM,CAAC,CAAC;gBAC7C,IAAI;oBACH,MAAM,QAAQ,GAAG,IAAI,CAAC,KAAK,CAAC,WAAW,CAAC,CAAC;oBACzC,EAAE,CAAC,WAAW,CAAC,QAAQ,EAAE,QAAQ,CAAC,CAAC;iBACnC;gBAAC,OAAO,GAAG,EAAE;iBAEb;YACF,CAAC,CAAC,CAAC;YAEH,MAAM,OAAO,CAAC,GAAG,CAAC,oBAAoB,CAAC,CAAC;YAExC,IAAI,QAAQ,CAAC,mBAAmB,EAAE,KAAK,CAAC,EAAE;gBACzC,OAAO,OAAO,CAAC,MAAM,CAAC,IAAI,6BAAY,EAAE,CAAC,CAAC;aAC1C;YACD,IAAI,CAAC,KAAK,CAAC,IAAI,CAAC,EAAE,CAAC,CAAC;YAGpB,MAAM,EAAE,CAAC,eAAe,CAAC,QAAQ,EAAE,EAAE,CAAC,CAAC;SACvC;QAAC,OAAO,GAAG,EAAE;YACb,OAAO,OAAO,CAAC,MAAM,CAAC,IAAI,6BAAY,EAAE,CAAC,CAAC;SAC1C;QACD,OAAO,IAAI,CAAC,KAAK,CAAC;IACnB,CAAC;IAEM,aAAa,CAAC,EAAU;QAE9B,IACC,EAAE,CAAC,QAAQ,CAAC,GAAG,CAAC;YAChB,EAAE,KAAK,GAAG;YACV,EAAE,CAAC,MAAM,KAAK,CAAC;YACf,EAAE,KAAK,IAAI;YACX,EAAE,KAAK,IAAI;YACX,EAAE,KAAK,IAAI;YACX,EAAE,KAAK,IAAI;YACX,EAAE,KAAK,IAAI,EACV;YACD,OAAO,OAAO,CAAC,MAAM,CAAC,IAAI,6BAAY,EAAE,CAAC,CAAC;SAC1C;QAGD,IAAI,CAAC,IAAI,CAAC,KAAK,CAAC,QAAQ,CAAC,EAAE,CAAC,EAAE;YAC7B,OAAO,OAAO,CAAC,MAAM,CAAC,IAAI,8BAAa,EAAE,CAAC,CAAC;SAC3C;QAED,MAAM,QAAQ,GAAG,EAAE,GAAG,OAAO,CAAC;QAC9B,MAAM,QAAQ,GAAG,SAAS,GAAG,QAAQ,CAAC;QACtC,EAAE,CAAC,MAAM,CAAC,QAAQ,CAAC,CAAC,IAAI,EAAE,CAAC,KAAK,EAAE,CAAC;QAGnC,MAAM,KAAK,GAAG,IAAI,CAAC,KAAK,CAAC,OAAO,CAAC,EAAE,CAAC,CAAC;QACrC,IAAI,KAAK,GAAG,CAAC,CAAC,EAAE;YACf,IAAI,CAAC,KAAK,CAAC,MAAM,CAAC,KAAK,EAAE,CAAC,CAAC,CAAC;SAC5B;QAED,OAAO,OAAO,CAAC,OAAO,CAAC,EAAE,CAAC,CAAC;IAC5B,CAAC;IAEM,KAAK,CAAC,YAAY;QACxB,MAAM,WAAW,GAAqB,EAAE,CAAC;QACzC,MAAM,OAAO,GAAG,QAAQ,CAAC;QAEzB,IAAI;YACH,MAAM,EAAE,CAAC,SAAS,CAAC,OAAO,CAAC,CAAC;YAC5B,MAAM,KAAK,GAAG,EAAE,CAAC,WAAW,CAAC,OAAO,CAAC,CAAC;YAGtC,MAAM,YAAY,GAAG,KAAK,CAAC,GAAG,CAAC,KAAK,EAAE,IAAI,EAAE,EAAE;gBAC7C,MAAM,EAAE,GAAG,IAAI,CAAC,KAAK,CAAC,GAAG,CAAC,CAAC,CAAC,CAAC,CAAC;gBAE9B,IAAI,IAAI,GAAG,mCAAkB,CAAC,QAAQ,CAAC;gBAEvC,IAAI,OAAO,GAAG,CAAC,CAAC;gBAEhB,IAAI;oBACH,MAAM,QAAQ,GAAG,GAAG,OAAO,IAAI,IAAI,EAAE,CAAC;oBACtC,MAAM,YAAY,GAAG,MAAM,EAAE,CAAC,QAAQ,CAAC,QAAQ,EAAE,MAAM,CAAC,CAAC;oBACzD,MAAM,QAAQ,GAAG,IAAI,CAAC,KAAK,CAAC,YAAY,CAAC,CAAC;oBAE1C,MAAM,GAAG,GAAG,QAAQ,CAAC,MAAM,CAAC,CAAC;oBAC7B,IAAI,GAAG,KAAK,OAAO,EAAE;wBACpB,IAAI,GAAG,mCAAkB,CAAC,KAAK,CAAC;qBAChC;oBAED,IAAI,QAAQ,IAAI,QAAQ,CAAC,WAAW,IAAI,KAAK,CAAC,OAAO,CAAC,QAAQ,CAAC,WAAW,CAAC,EAAE;wBAC5E,OAAO,GAAG,QAAQ,CAAC,WAAW,CAAC,MAAM,CAAC;qBACtC;oBAED,IAAI,QAAQ,IAAI,QAAQ,CAAC,SAAS,IAAI,KAAK,CAAC,OAAO,CAAC,QAAQ,CAAC,SAAS,CAAC,EAAE;wBACxE,OAAO,GAAG,QAAQ,CAAC,SAAS,CAAC,MAAM,CAAC;qBACpC;iBACD;gBAAC,OAAO,KAAK,EAAE;iBAEf;gBAGD,IAAI,OAAO,GAAG,CAAC,EAAE;oBAChB,WAAW,CAAC,IAAI,CAAC,EAAC,EAAE,EAAE,IAAI,EAAE,OAAO,EAAC,CAAC,CAAC;iBACtC;YACF,CAAC,CAAC,CAAC;YAGH,MAAM,OAAO,CAAC,GAAG,CAAC,YAAY,CAAC,CAAC;SAChC;QAAC,OAAO,KAAK,EAAE;SAEf;QACD,OAAO,OAAO,CAAC,OAAO,CAAC,WAAW,CAAC,CAAC;IACrC,CAAC;IAMM,KAAK,CAAC,YAAY,CAAC,KAAc;QACvC,IAAI;YAEH,EAAE,CAAC,cAAc,CAAC,KAAK,CAAC,CAAC;YACzB,IAAI,UAAU,GAAG,KAAY,CAAC;YAE9B,IAAI,QAAQ,GAAW,EAAE,CAAC,KAAK,CAAC,UAAU,CAAC,CAAC;YAG5C,IAAI,UAAU,GAAG,MAAM,EAAE,CAAC,OAAO,CAAC,QAAQ,CAAC,CAAC;YAG5C,IAAI,iBAAiB,GAAG,EAAE,CAAC,WAAW,CAAC,UAAU,EAAE,UAAU,CAAC,CAAC;YAI/D,IAAI,eAAe,GAAG,EAAE,CAAC,SAAS,CAAC,iBAAiB,EAAE,UAAU,CAAC,iBAAiB,CAAC,CAAC,CAAC;YAIrF,IAAI,UAAU,GAAG,EAAE,CAAC,aAAa,CAAC,eAAe,EAAE,UAAU,EAAE,QAAQ,CAAC,CAAC;YAIzE,IAAI,UAAU,GAAG,EAAE,CAAC,SAAS,CAAC,UAAU,EAAE,UAAU,CAAC,CAAC;YAEtD,OAAO,OAAO,CAAC,OAAO,CAAC,UAAU,CAAC,CAAC;SAEnC;QAAC,OAAO,KAAK,EAAE;YACf,IAAI,KAAK,YAAY,oCAAmB,EAAE;gBACzC,OAAO,OAAO,CAAC,MAAM,CAAC,IAAI,oCAAmB,EAAE,CAAC,CAAC;aACjD;iBAAM;gBACN,OAAO,OAAO,CAAC,MAAM,CAAC,IAAI,6BAAY,EAAE,CAAC,CAAC;aAC1C;SACD;IACF,CAAC;CACD;AA9PD,gCA8PC","sourcesContent":["import {\n\tIInsightFacade,\n\tInsightDataset,\n\tInsightDatasetKind,\n\tInsightError,\n\tInsightResult,\n\tNotFoundError,\n\tResultTooLargeError,\n} from \"./IInsightFacade\";\n\nimport JSZip from \"jszip\";\nimport {SectionsList} from \"../classes/SectionsList\";\nimport * as fs from \"fs-extra\";\nimport * as pq from \"./performQueryHelper\";\nimport * as ds from \"./datasetHelper\";\nimport {RoomsList} from \"../classes/RoomsList\";\nimport {Building} from \"../classes/Building\";\nimport {BuildingList} from \"../classes/BuildingList\";\nimport {Rooms} from \"../classes/Rooms\";\nimport {parse} from \"parse5\";\nimport {findTable, findTBody, geoLocator, helper} from \"./roomsHelper\";\n\n\n/**\n * This is the main programmatic entry point for the project.\n * Method documentation is in IInsightFacade\n *\n */\nexport default class InsightFacade implements IInsightFacade {\n\tconstructor() {\n\t\t// console.log(\"InsightFacadeImpl::init()\");\n\t}\n\n\tpublic allID: string[] = [];\n\n\tpublic async addDataset(id: string, content: string, kind: InsightDatasetKind): Promise<string[]> {\n\t\tif (!ds.isIDKindValid(id, kind)) {\n\t\t\treturn Promise.reject(new InsightError());\n\t\t}\n\n\t\t// check if id is already in allID\n\t\tif (this.allID.includes(id)) {\n\t\t\treturn Promise.reject(new InsightError());\n\t\t}\n\n\t\ttry{\n\t\t\tif (kind === InsightDatasetKind.Sections) {\n\t\t\t\treturn this.addDatasetSection(id, content, kind);\n\t\t\t}\n\t\t\tif (kind === InsightDatasetKind.Rooms) {\n\t\t\t\treturn this.addDatasetRooms(id, content, kind);\n\t\t\t}\n\t\t} catch (error) {\n\t\t\treturn Promise.reject(new InsightError());\n\t\t}\n\t\treturn this.allID;\n\t}\n\n\tpublic async addDatasetRooms(id: string, content: string, kind: InsightDatasetKind): Promise<string[]> {\n\t\ttry {\n\t\t\t// Use parse5 to parse the HTML content\n\t\t\tlet buildingList: BuildingList = new BuildingList();\n\t\t\tconst zip = new JSZip();\n\t\t\tlet tmp = await zip.loadAsync(content, {base64: true});\n\n\t\t\tconst dataList = new RoomsList(id, kind);\n\n\t\t\t// check if zip contains index.htm\n\t\t\tconst indexFile = await tmp.files[\"index.htm\"].async(\"string\");\n\n\t\t\t// console.log(indexFile);\n\n\t\t\tif (!indexFile) {\n\t\t\t\treturn Promise.reject(new InsightError());\n\t\t\t}\n\n\t\t\tconst document = parse(indexFile);\n\n\t\t\tif (!findTable(document)) {\n\t\t\t\treturn Promise.reject(new InsightError());\n\t\t\t}\n\n\t\t\tfindTBody(document, buildingList);\n\n\t\t\tfor (let building of buildingList.getBuildingList()) {\n\t\t\t\tgeoLocator(building, buildingList);\n\t\t\t\tif (building.getLat() === 404 && building.getLon() === 404) {\n\t\t\t\t\tbuildingList.removeBuilding(building);\n\t\t\t\t}\n\t\t\t}\n\n\t\t\t// go to the folder that contains the html files\n\t\t\tconst folder = zip.folder(\"campus/discover/buildings-and-classrooms\");\n\t\t\t// console.log(folder);\n\t\t\tif (!folder) {\n\t\t\t\treturn Promise.reject(new InsightError());\n\t\t\t}\n\n\t\t\t// go through each file in the folder\n\t\t\tconst files = folder.file(/.+/); // regex to match any file name\n\t\t\tawait helper(files, buildingList, dataList);\n\n\t\t\tif (dataList.getNumberOfSections() === 0) {\n\t\t\t\treturn Promise.reject(new InsightError());\n\t\t\t}\n\n\t\t\tthis.allID.push(id);\n\t\t\tawait ds.writeDataToDisk(dataList, id);\n\t\t} catch (error) {\n\t\t\treturn Promise.reject(new InsightError());\n\t\t}\n\t\treturn this.allID;\n\t}\n\n\tpublic async addDatasetSection(id: string, content: string, kind: InsightDatasetKind): Promise<string[]> {\n\t\ttry {\n\t\t\tconst dataList = new SectionsList(id, kind);\n\n\t\t\tconst zip = new JSZip();\n\t\t\tawait zip.loadAsync(content, {base64: true});\n\t\t\tconst coursesFolder = zip.folder(\"courses\");\n\n\t\t\t// Check if there is a courses folder\n\t\t\tif (!coursesFolder) {\n\t\t\t\treturn Promise.reject(new InsightError());\n\t\t\t}\n\n\t\t\tconst files = coursesFolder.file(/.+/); // regex to match any file name\n\t\t\tif (!files || files.length === 0) {\n\t\t\t\treturn Promise.reject(new InsightError());\n\t\t\t}\n\n\t\t\t// Use Promise.all to process all files in parallel and store the results in an array\n\t\t\tconst fileContentsPromises = files.map(async (file) => {\n\t\t\t\tconst fileContent = await file.async(\"text\");\n\t\t\t\ttry {\n\t\t\t\t\tconst fileJson = JSON.parse(fileContent);\n\t\t\t\t\tds.isDataValid(fileJson, dataList);\n\t\t\t\t} catch (err) {\n\t\t\t\t\t// skip\n\t\t\t\t}\n\t\t\t});\n\n\t\t\tawait Promise.all(fileContentsPromises);\n\n\t\t\tif (dataList.getNumberOfSections() === 0) {\n\t\t\t\treturn Promise.reject(new InsightError());\n\t\t\t}\n\t\t\tthis.allID.push(id);\n\t\t\t// print allId\n\t\t\t// console.log(this.allID);\n\t\t\tawait ds.writeDataToDisk(dataList, id);\n\t\t} catch (err) {\n\t\t\treturn Promise.reject(new InsightError());\n\t\t}\n\t\treturn this.allID; // stub\n\t}\n\n\tpublic removeDataset(id: string): Promise<string> {\n\t\t// When id is invalid\n\t\tif (\n\t\t\tid.includes(\"_\") ||\n\t\t\tid === \" \" ||\n\t\t\tid.length === 0 ||\n\t\t\tid === \"\\t\" ||\n\t\t\tid === \"\\n\" ||\n\t\t\tid === \"\\r\" ||\n\t\t\tid === \"\\f\" ||\n\t\t\tid === \"\\v\"\n\t\t) {\n\t\t\treturn Promise.reject(new InsightError());\n\t\t}\n\n\t\t// When id is not in allID\n\t\tif (!this.allID.includes(id)) {\n\t\t\treturn Promise.reject(new NotFoundError());\n\t\t}\n\n\t\tconst filename = id + \".json\";\n\t\tconst filePath = \"./data/\" + filename;\n\t\tfs.remove(filePath).then().catch();\n\n\t\t// remove id from allID\n\t\tconst index = this.allID.indexOf(id);\n\t\tif (index > -1) {\n\t\t\tthis.allID.splice(index, 1);\n\t\t}\n\n\t\treturn Promise.resolve(id);\n\t}\n\n\tpublic async listDatasets(): Promise<InsightDataset[]> {\n\t\tconst datasetList: InsightDataset[] = [];\n\t\tconst dataDir = \"./data\";\n\n\t\ttry {\n\t\t\tawait fs.ensureDir(dataDir);\n\t\t\tconst files = fs.readdirSync(dataDir);\n\n\t\t\t// Create an array of promises to read and parse the JSON files concurrently\n\t\t\tconst filePromises = files.map(async (file) => {\n\t\t\t\tconst id = file.split(\".\")[0];\n\t\t\t\t// find the kind\n\t\t\t\tlet kind = InsightDatasetKind.Sections;\n\n\t\t\t\tlet numRows = 0;\n\n\t\t\t\ttry {\n\t\t\t\t\tconst filePath = `${dataDir}/${file}`;\n\t\t\t\t\tconst fileContents = await fs.readFile(filePath, \"utf8\");\n\t\t\t\t\tconst jsonData = JSON.parse(fileContents);\n\n\t\t\t\t\tconst tmp = jsonData[\"kind\"];\n\t\t\t\t\tif (tmp === \"rooms\") {\n\t\t\t\t\t\tkind = InsightDatasetKind.Rooms;\n\t\t\t\t\t}\n\n\t\t\t\t\tif (jsonData && jsonData.sectionList && Array.isArray(jsonData.sectionList)) {\n\t\t\t\t\t\tnumRows = jsonData.sectionList.length;\n\t\t\t\t\t}\n\n\t\t\t\t\tif (jsonData && jsonData.roomsList && Array.isArray(jsonData.roomsList)) {\n\t\t\t\t\t\tnumRows = jsonData.roomsList.length;\n\t\t\t\t\t}\n\t\t\t\t} catch (error) {\n\t\t\t\t\t// Handle errors here, or skip as needed\n\t\t\t\t}\n\t\t\t\t// console.log(id, kind, numRows);\n\t\t\t\t// Check if numRows is greater than 0 before pushing to the datasetList\n\t\t\t\tif (numRows > 0) {\n\t\t\t\t\tdatasetList.push({id, kind, numRows});\n\t\t\t\t}\n\t\t\t});\n\n\t\t\t// Wait for all file promises to resolve\n\t\t\tawait Promise.all(filePromises);\n\t\t} catch (error) {\n\t\t\t// don't need to handle for list\n\t\t}\n\t\treturn Promise.resolve(datasetList);\n\t}\n\n\t/**\n\t * @param query  The query to be performed.\n\t * @return Promise <InsightResult[]>\n\t */\n\tpublic async performQuery(query: unknown): Promise<InsightResult[]> {\n\t\ttry {\n\t\t\t// validate query body & initiate necessary variables\n\t\t\tpq.queryValidator(query);\n\t\t\tlet knownQuery = query as any;\n\t\t\t// console.log(1);\n\t\t\tlet idString: string = pq.getID(knownQuery);\n\t\t\t// console.log(2);\n\t\t\t// parsedJSON: contains the JSONs that match idString\n\t\t\tlet parsedJSON = await pq.getJSON(idString);\n\t\t\t// console.log(3);\n\t\t\t// filteredJSON: contains the JSONs that passed WHERE\n\t\t\tlet whereFilteredJSON = pq.filterWhere(parsedJSON, knownQuery);\n\t\t\t// console.log(whereFilteredJSON);\n\t\t\t// console.log(4);\n\t\t\t// transformedJSON: Group and Apply has been applied\n\t\t\tlet transformedJSON = pq.transform(whereFilteredJSON, knownQuery[\"TRANSFORMATIONS\"]);\n\t\t\t// console.log(transformedJSON);\n\t\t\t// console.log(5);\n\t\t\t// passedList: contains InsightResults that passed Options\n\t\t\tlet passedList = pq.filterOptions(transformedJSON, knownQuery, idString);\n\t\t\t// console.log(passedList);\n\t\t\t// console.log(6);\n\t\t\t// sort query results\n\t\t\tlet sortedList = pq.sortQuery(passedList, knownQuery);\n\n\t\t\treturn Promise.resolve(sortedList);\n\n\t\t} catch (error) {\n\t\t\tif (error instanceof ResultTooLargeError) {\n\t\t\t\treturn Promise.reject(new ResultTooLargeError());\n\t\t\t} else {\n\t\t\t\treturn Promise.reject(new InsightError());\n\t\t\t}\n\t\t}\n\t}\n}\n"]},"_coverageSchema":"1a1c01bbd47fc00a2c39e90264f33305004495a9","hash":"5efa77dcbf072f1102b438a85f71a5c0bda910f1","contentHash":"34ec2bda502e217f59c7c3f6f0fa6c6ea4e6e6d8eac5777b6f8bb7d849d4cf17"},"/Users/ericoh/Documents/GitHub/project_team200/src/classes/SectionsList.ts":{"path":"/Users/ericoh/Documents/GitHub/project_team200/src/classes/SectionsList.ts","statementMap":{"0":{"start":{"line":2,"column":0},"end":{"line":2,"column":62}},"1":{"start":{"line":3,"column":0},"end":{"line":3,"column":30}},"2":{"start":{"line":9,"column":8},"end":{"line":9,"column":21}},"3":{"start":{"line":10,"column":8},"end":{"line":10,"column":25}},"4":{"start":{"line":11,"column":8},"end":{"line":11,"column":30}},"5":{"start":{"line":14,"column":8},"end":{"line":14,"column":23}},"6":{"start":{"line":17,"column":8},"end":{"line":17,"column":25}},"7":{"start":{"line":20,"column":8},"end":{"line":20,"column":32}},"8":{"start":{"line":23,"column":8},"end":{"line":23,"column":39}},"9":{"start":{"line":26,"column":8},"end":{"line":26,"column":39}},"10":{"start":{"line":29,"column":8},"end":{"line":31,"column":9}},"11":{"start":{"line":30,"column":12},"end":{"line":30,"column":37}},"12":{"start":{"line":34,"column":0},"end":{"line":34,"column":36}}},"fnMap":{"0":{"name":"(anonymous_0)","decl":{"start":{"line":8,"column":4},"end":{"line":8,"column":5}},"loc":{"start":{"line":8,"column":26},"end":{"line":12,"column":5}},"line":8},"1":{"name":"(anonymous_1)","decl":{"start":{"line":13,"column":4},"end":{"line":13,"column":5}},"loc":{"start":{"line":13,"column":16},"end":{"line":15,"column":5}},"line":13},"2":{"name":"(anonymous_2)","decl":{"start":{"line":16,"column":4},"end":{"line":16,"column":5}},"loc":{"start":{"line":16,"column":18},"end":{"line":18,"column":5}},"line":16},"3":{"name":"(anonymous_3)","decl":{"start":{"line":19,"column":4},"end":{"line":19,"column":5}},"loc":{"start":{"line":19,"column":25},"end":{"line":21,"column":5}},"line":19},"4":{"name":"(anonymous_4)","decl":{"start":{"line":22,"column":4},"end":{"line":22,"column":5}},"loc":{"start":{"line":22,"column":24},"end":{"line":24,"column":5}},"line":22},"5":{"name":"(anonymous_5)","decl":{"start":{"line":25,"column":4},"end":{"line":25,"column":5}},"loc":{"start":{"line":25,"column":26},"end":{"line":27,"column":5}},"line":25},"6":{"name":"(anonymous_6)","decl":{"start":{"line":28,"column":4},"end":{"line":28,"column":5}},"loc":{"start":{"line":28,"column":23},"end":{"line":32,"column":5}},"line":28}},"branchMap":{},"s":{"0":1,"1":1,"2":35,"3":35,"4":35,"5":0,"6":0,"7":0,"8":220329,"9":34,"10":0,"11":0,"12":1},"f":{"0":35,"1":0,"2":0,"3":0,"4":220329,"5":34,"6":0},"b":{},"inputSourceMap":{"version":3,"file":"/Users/ericoh/Documents/GitHub/project_team200/src/classes/SectionsList.ts","sources":["/Users/ericoh/Documents/GitHub/project_team200/src/classes/SectionsList.ts"],"names":[],"mappings":";;;AAGA,MAAa,YAAY;IAChB,WAAW,CAAa;IACxB,EAAE,CAAS;IACX,IAAI,CAAqB;IAEjC,YAAY,EAAU,EAAE,IAAwB;QAC/C,IAAI,CAAC,EAAE,GAAG,EAAE,CAAC;QACb,IAAI,CAAC,IAAI,GAAG,IAAI,CAAC;QAKjB,IAAI,CAAC,WAAW,GAAG,EAAE,CAAC;IACvB,CAAC;IAED,IAAW,KAAK;QACf,OAAO,IAAI,CAAC,EAAE,CAAC;IAChB,CAAC;IAED,IAAW,OAAO;QACjB,OAAO,IAAI,CAAC,IAAI,CAAC;IAClB,CAAC;IAED,IAAW,cAAc;QACxB,OAAO,IAAI,CAAC,WAAW,CAAC;IACzB,CAAC;IAGM,UAAU,CAAC,OAAiB;QAClC,IAAI,CAAC,WAAW,CAAC,IAAI,CAAC,OAAO,CAAC,CAAC;IAChC,CAAC;IAGM,mBAAmB;QACzB,OAAO,IAAI,CAAC,WAAW,CAAC,MAAM,CAAC;IAChC,CAAC;IAIM,gBAAgB;QACtB,KAAK,MAAM,OAAO,IAAI,IAAI,CAAC,WAAW,EAAE;YACvC,OAAO,CAAC,cAAc,EAAE,CAAC;SACzB;IACF,CAAC;CACD;AA5CD,oCA4CC","sourcesContent":["import {Sections} from \"./Sections\";\nimport {InsightDatasetKind} from \"../controller/IInsightFacade\";\n\nexport class SectionsList {\n\tprivate sectionList: Sections[];\n\tprivate id: string;\n\tprivate kind: InsightDatasetKind;\n\n\tconstructor(id: string, kind: InsightDatasetKind) {\n\t\tthis.id = id;\n\t\tthis.kind = kind;\n\n\t\t// make it empty for now? not sure if I want to have constructor have\n\t\t// an argument to put everything or we make a function\n\t\t// to add the data within the adddataset function thats public to access... wip for now\n\t\tthis.sectionList = [];\n\t}\n\n\tpublic get getID() {\n\t\treturn this.id;\n\t}\n\n\tpublic get getKind() {\n\t\treturn this.kind;\n\t}\n\n\tpublic get getSectionList() {\n\t\treturn this.sectionList;\n\t}\n\n\t// A function that adds a section to the sectionList\n\tpublic addSection(section: Sections): void {\n\t\tthis.sectionList.push(section);\n\t}\n\n\t// A function that returns the number of sections in the sectionList\n\tpublic getNumberOfSections(): number {\n\t\treturn this.sectionList.length;\n\t}\n\n\t// Write a function where it prints all the sections in the sectionList using printAllFields()\n\t// using for of loop\n\tpublic printAllSections(): void {\n\t\tfor (const section of this.sectionList) {\n\t\t\tsection.printALlFields();\n\t\t}\n\t}\n}\n"]},"_coverageSchema":"1a1c01bbd47fc00a2c39e90264f33305004495a9","hash":"9ce3db54ea4af7154a8072acfcbabd298af28d8d","contentHash":"305aecdc0bc8a1ff3b0cf210d292530ac1c74dbd13c2933a9150a340e3346d05"},"/Users/ericoh/Documents/GitHub/project_team200/src/controller/performQueryHelper.ts":{"path":"/Users/ericoh/Documents/GitHub/project_team200/src/controller/performQueryHelper.ts","statementMap":{"0":{"start":{"line":2,"column":22},"end":{"line":12,"column":3}},"1":{"start":{"line":3,"column":4},"end":{"line":3,"column":33}},"2":{"start":{"line":3,"column":26},"end":{"line":3,"column":33}},"3":{"start":{"line":4,"column":15},"end":{"line":4,"column":52}},"4":{"start":{"line":5,"column":4},"end":{"line":7,"column":5}},"5":{"start":{"line":6,"column":6},"end":{"line":6,"column":68}},"6":{"start":{"line":6,"column":51},"end":{"line":6,"column":63}},"7":{"start":{"line":8,"column":4},"end":{"line":8,"column":39}},"8":{"start":{"line":10,"column":4},"end":{"line":10,"column":33}},"9":{"start":{"line":10,"column":26},"end":{"line":10,"column":33}},"10":{"start":{"line":11,"column":4},"end":{"line":11,"column":17}},"11":{"start":{"line":13,"column":25},"end":{"line":17,"column":2}},"12":{"start":{"line":14,"column":4},"end":{"line":14,"column":72}},"13":{"start":{"line":16,"column":4},"end":{"line":16,"column":21}},"14":{"start":{"line":18,"column":19},"end":{"line":24,"column":1}},"15":{"start":{"line":19,"column":4},"end":{"line":19,"column":42}},"16":{"start":{"line":19,"column":31},"end":{"line":19,"column":42}},"17":{"start":{"line":20,"column":17},"end":{"line":20,"column":19}},"18":{"start":{"line":21,"column":4},"end":{"line":21,"column":141}},"19":{"start":{"line":21,"column":21},"end":{"line":21,"column":141}},"20":{"start":{"line":21,"column":40},"end":{"line":21,"column":141}},"21":{"start":{"line":21,"column":109},"end":{"line":21,"column":141}},"22":{"start":{"line":22,"column":4},"end":{"line":22,"column":36}},"23":{"start":{"line":23,"column":4},"end":{"line":23,"column":18}},"24":{"start":{"line":25,"column":22},"end":{"line":27,"column":1}},"25":{"start":{"line":26,"column":4},"end":{"line":26,"column":62}},"26":{"start":{"line":28,"column":0},"end":{"line":28,"column":62}},"27":{"start":{"line":29,"column":0},"end":{"line":29,"column":206}},"28":{"start":{"line":30,"column":25},"end":{"line":30,"column":52}},"29":{"start":{"line":31,"column":11},"end":{"line":31,"column":44}},"30":{"start":{"line":32,"column":11},"end":{"line":32,"column":48}},"31":{"start":{"line":33,"column":11},"end":{"line":33,"column":53}},"32":{"start":{"line":34,"column":24},"end":{"line":34,"column":67}},"33":{"start":{"line":35,"column":26},"end":{"line":37,"column":1}},"34":{"start":{"line":38,"column":23},"end":{"line":40,"column":1}},"35":{"start":{"line":41,"column":22},"end":{"line":41,"column":43}},"36":{"start":{"line":43,"column":4},"end":{"line":45,"column":5}},"37":{"start":{"line":44,"column":8},"end":{"line":44,"column":50}},"38":{"start":{"line":46,"column":4},"end":{"line":48,"column":5}},"39":{"start":{"line":47,"column":8},"end":{"line":47,"column":50}},"40":{"start":{"line":49,"column":4},"end":{"line":49,"column":16}},"41":{"start":{"line":51,"column":0},"end":{"line":51,"column":40}},"42":{"start":{"line":53,"column":18},"end":{"line":53,"column":26}},"43":{"start":{"line":54,"column":4},"end":{"line":54,"column":32}},"44":{"start":{"line":55,"column":17},"end":{"line":55,"column":46}},"45":{"start":{"line":56,"column":16},"end":{"line":56,"column":43}},"46":{"start":{"line":58,"column":4},"end":{"line":64,"column":5}},"47":{"start":{"line":59,"column":8},"end":{"line":63,"column":9}},"48":{"start":{"line":60,"column":27},"end":{"line":60,"column":56}},"49":{"start":{"line":61,"column":30},"end":{"line":61,"column":55}},"50":{"start":{"line":62,"column":12},"end":{"line":62,"column":60}},"51":{"start":{"line":65,"column":4},"end":{"line":65,"column":22}},"52":{"start":{"line":67,"column":0},"end":{"line":67,"column":26}},"53":{"start":{"line":69,"column":16},"end":{"line":69,"column":25}},"54":{"start":{"line":70,"column":4},"end":{"line":70,"column":37}},"55":{"start":{"line":71,"column":4},"end":{"line":75,"column":5}},"56":{"start":{"line":72,"column":8},"end":{"line":72,"column":57}},"57":{"start":{"line":76,"column":4},"end":{"line":80,"column":5}},"58":{"start":{"line":77,"column":8},"end":{"line":77,"column":63}},"59":{"start":{"line":81,"column":4},"end":{"line":83,"column":5}},"60":{"start":{"line":82,"column":8},"end":{"line":82,"column":50}},"61":{"start":{"line":84,"column":13},"end":{"line":84,"column":15}},"62":{"start":{"line":85,"column":4},"end":{"line":87,"column":5}},"63":{"start":{"line":86,"column":8},"end":{"line":86,"column":19}},"64":{"start":{"line":88,"column":4},"end":{"line":90,"column":5}},"65":{"start":{"line":89,"column":8},"end":{"line":89,"column":50}},"66":{"start":{"line":91,"column":4},"end":{"line":91,"column":14}},"67":{"start":{"line":93,"column":0},"end":{"line":93,"column":22}},"68":{"start":{"line":95,"column":4},"end":{"line":100,"column":5}},"69":{"start":{"line":96,"column":22},"end":{"line":96,"column":36}},"70":{"start":{"line":97,"column":8},"end":{"line":99,"column":9}},"71":{"start":{"line":98,"column":12},"end":{"line":98,"column":34}},"72":{"start":{"line":103,"column":4},"end":{"line":130,"column":5}},"73":{"start":{"line":104,"column":26},"end":{"line":104,"column":31}},"74":{"start":{"line":105,"column":19},"end":{"line":105,"column":43}},"75":{"start":{"line":106,"column":20},"end":{"line":106,"column":33}},"76":{"start":{"line":107,"column":25},"end":{"line":107,"column":49}},"77":{"start":{"line":108,"column":23},"end":{"line":108,"column":28}},"78":{"start":{"line":109,"column":8},"end":{"line":124,"column":9}},"79":{"start":{"line":110,"column":12},"end":{"line":123,"column":13}},"80":{"start":{"line":111,"column":16},"end":{"line":113,"column":17}},"81":{"start":{"line":112,"column":20},"end":{"line":112,"column":40}},"82":{"start":{"line":115,"column":17},"end":{"line":123,"column":13}},"83":{"start":{"line":116,"column":16},"end":{"line":116,"column":57}},"84":{"start":{"line":118,"column":17},"end":{"line":123,"column":13}},"85":{"start":{"line":119,"column":16},"end":{"line":119,"column":51}},"86":{"start":{"line":122,"column":16},"end":{"line":122,"column":34}},"87":{"start":{"line":125,"column":8},"end":{"line":125,"column":18}},"88":{"start":{"line":128,"column":8},"end":{"line":128,"column":49}},"89":{"start":{"line":129,"column":8},"end":{"line":129,"column":50}},"90":{"start":{"line":133,"column":15},"end":{"line":133,"column":36}},"91":{"start":{"line":134,"column":19},"end":{"line":134,"column":34}},"92":{"start":{"line":135,"column":19},"end":{"line":135,"column":30}},"93":{"start":{"line":136,"column":4},"end":{"line":136,"column":24}},"94":{"start":{"line":137,"column":4},"end":{"line":137,"column":20}},"95":{"start":{"line":140,"column":4},"end":{"line":142,"column":5}},"96":{"start":{"line":141,"column":8},"end":{"line":141,"column":50}},"97":{"start":{"line":143,"column":4},"end":{"line":158,"column":5}},"98":{"start":{"line":144,"column":22},"end":{"line":144,"column":36}},"99":{"start":{"line":145,"column":8},"end":{"line":157,"column":9}},"100":{"start":{"line":146,"column":27},"end":{"line":146,"column":37}},"101":{"start":{"line":147,"column":24},"end":{"line":147,"column":34}},"102":{"start":{"line":148,"column":12},"end":{"line":150,"column":13}},"103":{"start":{"line":149,"column":16},"end":{"line":149,"column":58}},"104":{"start":{"line":151,"column":12},"end":{"line":156,"column":13}},"105":{"start":{"line":152,"column":16},"end":{"line":152,"column":58}},"106":{"start":{"line":154,"column":17},"end":{"line":156,"column":13}},"107":{"start":{"line":155,"column":16},"end":{"line":155,"column":58}},"108":{"start":{"line":159,"column":4},"end":{"line":159,"column":16}},"109":{"start":{"line":161,"column":0},"end":{"line":161,"column":44}},"110":{"start":{"line":163,"column":24},"end":{"line":163,"column":44}},"111":{"start":{"line":164,"column":4},"end":{"line":168,"column":5}},"112":{"start":{"line":165,"column":8},"end":{"line":167,"column":9}},"113":{"start":{"line":166,"column":12},"end":{"line":166,"column":54}},"114":{"start":{"line":169,"column":4},"end":{"line":169,"column":16}},"115":{"start":{"line":171,"column":0},"end":{"line":171,"column":44}},"116":{"start":{"line":174,"column":4},"end":{"line":179,"column":5}},"117":{"start":{"line":175,"column":8},"end":{"line":175,"column":36}},"118":{"start":{"line":178,"column":8},"end":{"line":178,"column":69}},"119":{"start":{"line":180,"column":23},"end":{"line":180,"column":59}},"120":{"start":{"line":181,"column":23},"end":{"line":181,"column":25}},"121":{"start":{"line":182,"column":4},"end":{"line":195,"column":5}},"122":{"start":{"line":183,"column":8},"end":{"line":187,"column":9}},"123":{"start":{"line":184,"column":12},"end":{"line":186,"column":13}},"124":{"start":{"line":185,"column":16},"end":{"line":185,"column":40}},"125":{"start":{"line":189,"column":9},"end":{"line":195,"column":5}},"126":{"start":{"line":190,"column":8},"end":{"line":194,"column":9}},"127":{"start":{"line":191,"column":12},"end":{"line":193,"column":13}},"128":{"start":{"line":192,"column":16},"end":{"line":192,"column":43}},"129":{"start":{"line":196,"column":4},"end":{"line":196,"column":24}},"130":{"start":{"line":198,"column":0},"end":{"line":198,"column":34}},"131":{"start":{"line":200,"column":4},"end":{"line":200,"column":44}},"132":{"start":{"line":201,"column":4},"end":{"line":201,"column":65}},"133":{"start":{"line":202,"column":21},"end":{"line":202,"column":23}},"134":{"start":{"line":203,"column":4},"end":{"line":220,"column":5}},"135":{"start":{"line":204,"column":8},"end":{"line":206,"column":9}},"136":{"start":{"line":205,"column":12},"end":{"line":205,"column":61}},"137":{"start":{"line":207,"column":28},"end":{"line":207,"column":30}},"138":{"start":{"line":208,"column":8},"end":{"line":218,"column":9}},"139":{"start":{"line":209,"column":24},"end":{"line":209,"column":32}},"140":{"start":{"line":210,"column":12},"end":{"line":213,"column":13}},"141":{"start":{"line":211,"column":30},"end":{"line":211,"column":44}},"142":{"start":{"line":212,"column":16},"end":{"line":212,"column":40}},"143":{"start":{"line":214,"column":12},"end":{"line":216,"column":13}},"144":{"start":{"line":215,"column":16},"end":{"line":215,"column":58}},"145":{"start":{"line":217,"column":12},"end":{"line":217,"column":39}},"146":{"start":{"line":219,"column":8},"end":{"line":219,"column":39}},"147":{"start":{"line":221,"column":4},"end":{"line":221,"column":22}},"148":{"start":{"line":223,"column":0},"end":{"line":223,"column":38}},"149":{"start":{"line":225,"column":4},"end":{"line":227,"column":5}},"150":{"start":{"line":226,"column":8},"end":{"line":226,"column":28}},"151":{"start":{"line":228,"column":22},"end":{"line":228,"column":24}},"152":{"start":{"line":229,"column":22},"end":{"line":229,"column":86}},"153":{"start":{"line":230,"column":4},"end":{"line":238,"column":5}},"154":{"start":{"line":231,"column":20},"end":{"line":231,"column":36}},"155":{"start":{"line":232,"column":21},"end":{"line":232,"column":23}},"156":{"start":{"line":233,"column":8},"end":{"line":235,"column":9}},"157":{"start":{"line":234,"column":12},"end":{"line":234,"column":54}},"158":{"start":{"line":236,"column":27},"end":{"line":236,"column":102}},"159":{"start":{"line":237,"column":8},"end":{"line":237,"column":39}},"160":{"start":{"line":239,"column":4},"end":{"line":239,"column":23}},"161":{"start":{"line":241,"column":0},"end":{"line":241,"column":30}},"162":{"start":{"line":243,"column":22},"end":{"line":243,"column":52}},"163":{"start":{"line":244,"column":4},"end":{"line":246,"column":5}},"164":{"start":{"line":245,"column":8},"end":{"line":245,"column":26}},"165":{"start":{"line":247,"column":4},"end":{"line":249,"column":5}},"166":{"start":{"line":248,"column":8},"end":{"line":248,"column":26}},"167":{"start":{"line":250,"column":4},"end":{"line":277,"column":5}},"168":{"start":{"line":251,"column":8},"end":{"line":253,"column":9}},"169":{"start":{"line":252,"column":12},"end":{"line":252,"column":54}},"170":{"start":{"line":254,"column":8},"end":{"line":254,"column":78}},"171":{"start":{"line":254,"column":35},"end":{"line":254,"column":75}},"172":{"start":{"line":256,"column":9},"end":{"line":277,"column":5}},"173":{"start":{"line":257,"column":8},"end":{"line":261,"column":9}},"174":{"start":{"line":258,"column":12},"end":{"line":260,"column":13}},"175":{"start":{"line":259,"column":16},"end":{"line":259,"column":58}},"176":{"start":{"line":262,"column":8},"end":{"line":273,"column":11}},"177":{"start":{"line":263,"column":28},"end":{"line":263,"column":66}},"178":{"start":{"line":264,"column":12},"end":{"line":271,"column":13}},"179":{"start":{"line":265,"column":16},"end":{"line":270,"column":17}},"180":{"start":{"line":266,"column":20},"end":{"line":266,"column":37}},"181":{"start":{"line":268,"column":21},"end":{"line":270,"column":17}},"182":{"start":{"line":269,"column":20},"end":{"line":269,"column":42}},"183":{"start":{"line":272,"column":12},"end":{"line":272,"column":21}},"184":{"start":{"line":276,"column":8},"end":{"line":276,"column":50}},"185":{"start":{"line":278,"column":4},"end":{"line":278,"column":22}},"186":{"start":{"line":280,"column":0},"end":{"line":280,"column":30}}},"fnMap":{"0":{"name":"(anonymous_0)","decl":{"start":{"line":2,"column":74},"end":{"line":2,"column":75}},"loc":{"start":{"line":2,"column":96},"end":{"line":9,"column":1}},"line":2},"1":{"name":"(anonymous_1)","decl":{"start":{"line":6,"column":38},"end":{"line":6,"column":39}},"loc":{"start":{"line":6,"column":49},"end":{"line":6,"column":65}},"line":6},"2":{"name":"(anonymous_2)","decl":{"start":{"line":9,"column":6},"end":{"line":9,"column":7}},"loc":{"start":{"line":9,"column":28},"end":{"line":12,"column":1}},"line":9},"3":{"name":"(anonymous_3)","decl":{"start":{"line":13,"column":80},"end":{"line":13,"column":81}},"loc":{"start":{"line":13,"column":95},"end":{"line":15,"column":1}},"line":13},"4":{"name":"(anonymous_4)","decl":{"start":{"line":15,"column":5},"end":{"line":15,"column":6}},"loc":{"start":{"line":15,"column":20},"end":{"line":17,"column":1}},"line":15},"5":{"name":"(anonymous_5)","decl":{"start":{"line":18,"column":50},"end":{"line":18,"column":51}},"loc":{"start":{"line":18,"column":65},"end":{"line":24,"column":1}},"line":18},"6":{"name":"(anonymous_6)","decl":{"start":{"line":25,"column":56},"end":{"line":25,"column":57}},"loc":{"start":{"line":25,"column":71},"end":{"line":27,"column":1}},"line":25},"7":{"name":"queryValidator","decl":{"start":{"line":42,"column":9},"end":{"line":42,"column":23}},"loc":{"start":{"line":42,"column":31},"end":{"line":50,"column":1}},"line":42},"8":{"name":"getJSON","decl":{"start":{"line":52,"column":15},"end":{"line":52,"column":22}},"loc":{"start":{"line":52,"column":33},"end":{"line":66,"column":1}},"line":52},"9":{"name":"getID","decl":{"start":{"line":68,"column":9},"end":{"line":68,"column":14}},"loc":{"start":{"line":68,"column":22},"end":{"line":92,"column":1}},"line":68},"10":{"name":"getIDOptions","decl":{"start":{"line":94,"column":9},"end":{"line":94,"column":21}},"loc":{"start":{"line":94,"column":36},"end":{"line":101,"column":1}},"line":94},"11":{"name":"getIDBody","decl":{"start":{"line":102,"column":9},"end":{"line":102,"column":18}},"loc":{"start":{"line":102,"column":33},"end":{"line":131,"column":1}},"line":102},"12":{"name":"getIDComparator","decl":{"start":{"line":132,"column":9},"end":{"line":132,"column":24}},"loc":{"start":{"line":132,"column":39},"end":{"line":138,"column":1}},"line":132},"13":{"name":"columnsValidator","decl":{"start":{"line":139,"column":9},"end":{"line":139,"column":25}},"loc":{"start":{"line":139,"column":37},"end":{"line":160,"column":1}},"line":139},"14":{"name":"optionsValidator","decl":{"start":{"line":162,"column":9},"end":{"line":162,"column":25}},"loc":{"start":{"line":162,"column":33},"end":{"line":170,"column":1}},"line":162},"15":{"name":"filterWhere","decl":{"start":{"line":172,"column":9},"end":{"line":172,"column":20}},"loc":{"start":{"line":172,"column":45},"end":{"line":197,"column":1}},"line":172},"16":{"name":"filterOptions","decl":{"start":{"line":199,"column":9},"end":{"line":199,"column":22}},"loc":{"start":{"line":199,"column":64},"end":{"line":222,"column":1}},"line":199},"17":{"name":"transform","decl":{"start":{"line":224,"column":9},"end":{"line":224,"column":18}},"loc":{"start":{"line":224,"column":60},"end":{"line":240,"column":1}},"line":224},"18":{"name":"sortQuery","decl":{"start":{"line":242,"column":9},"end":{"line":242,"column":18}},"loc":{"start":{"line":242,"column":43},"end":{"line":279,"column":1}},"line":242},"19":{"name":"(anonymous_19)","decl":{"start":{"line":254,"column":24},"end":{"line":254,"column":25}},"loc":{"start":{"line":254,"column":35},"end":{"line":254,"column":75}},"line":254},"20":{"name":"(anonymous_20)","decl":{"start":{"line":262,"column":24},"end":{"line":262,"column":25}},"loc":{"start":{"line":262,"column":34},"end":{"line":273,"column":9}},"line":262}},"branchMap":{"0":{"loc":{"start":{"line":2,"column":22},"end":{"line":12,"column":3}},"type":"binary-expr","locations":[{"start":{"line":2,"column":23},"end":{"line":2,"column":27}},{"start":{"line":2,"column":31},"end":{"line":2,"column":51}},{"start":{"line":2,"column":57},"end":{"line":12,"column":2}}],"line":2},"1":{"loc":{"start":{"line":2,"column":57},"end":{"line":12,"column":2}},"type":"cond-expr","locations":[{"start":{"line":2,"column":74},"end":{"line":9,"column":1}},{"start":{"line":9,"column":6},"end":{"line":12,"column":1}}],"line":2},"2":{"loc":{"start":{"line":3,"column":4},"end":{"line":3,"column":33}},"type":"if","locations":[{"start":{"line":3,"column":4},"end":{"line":3,"column":33}},{"start":{"line":3,"column":4},"end":{"line":3,"column":33}}],"line":3},"3":{"loc":{"start":{"line":5,"column":4},"end":{"line":7,"column":5}},"type":"if","locations":[{"start":{"line":5,"column":4},"end":{"line":7,"column":5}},{"start":{"line":5,"column":4},"end":{"line":7,"column":5}}],"line":5},"4":{"loc":{"start":{"line":5,"column":8},"end":{"line":5,"column":85}},"type":"binary-expr","locations":[{"start":{"line":5,"column":8},"end":{"line":5,"column":13}},{"start":{"line":5,"column":18},"end":{"line":5,"column":84}}],"line":5},"5":{"loc":{"start":{"line":5,"column":18},"end":{"line":5,"column":84}},"type":"cond-expr","locations":[{"start":{"line":5,"column":34},"end":{"line":5,"column":47}},{"start":{"line":5,"column":50},"end":{"line":5,"column":84}}],"line":5},"6":{"loc":{"start":{"line":5,"column":50},"end":{"line":5,"column":84}},"type":"binary-expr","locations":[{"start":{"line":5,"column":50},"end":{"line":5,"column":63}},{"start":{"line":5,"column":67},"end":{"line":5,"column":84}}],"line":5},"7":{"loc":{"start":{"line":10,"column":4},"end":{"line":10,"column":33}},"type":"if","locations":[{"start":{"line":10,"column":4},"end":{"line":10,"column":33}},{"start":{"line":10,"column":4},"end":{"line":10,"column":33}}],"line":10},"8":{"loc":{"start":{"line":13,"column":25},"end":{"line":17,"column":2}},"type":"binary-expr","locations":[{"start":{"line":13,"column":26},"end":{"line":13,"column":30}},{"start":{"line":13,"column":34},"end":{"line":13,"column":57}},{"start":{"line":13,"column":63},"end":{"line":17,"column":1}}],"line":13},"9":{"loc":{"start":{"line":13,"column":63},"end":{"line":17,"column":1}},"type":"cond-expr","locations":[{"start":{"line":13,"column":80},"end":{"line":15,"column":1}},{"start":{"line":15,"column":5},"end":{"line":17,"column":1}}],"line":13},"10":{"loc":{"start":{"line":18,"column":19},"end":{"line":24,"column":1}},"type":"binary-expr","locations":[{"start":{"line":18,"column":20},"end":{"line":18,"column":24}},{"start":{"line":18,"column":28},"end":{"line":18,"column":45}},{"start":{"line":18,"column":50},"end":{"line":24,"column":1}}],"line":18},"11":{"loc":{"start":{"line":19,"column":4},"end":{"line":19,"column":42}},"type":"if","locations":[{"start":{"line":19,"column":4},"end":{"line":19,"column":42}},{"start":{"line":19,"column":4},"end":{"line":19,"column":42}}],"line":19},"12":{"loc":{"start":{"line":19,"column":8},"end":{"line":19,"column":29}},"type":"binary-expr","locations":[{"start":{"line":19,"column":8},"end":{"line":19,"column":11}},{"start":{"line":19,"column":15},"end":{"line":19,"column":29}}],"line":19},"13":{"loc":{"start":{"line":21,"column":4},"end":{"line":21,"column":141}},"type":"if","locations":[{"start":{"line":21,"column":4},"end":{"line":21,"column":141}},{"start":{"line":21,"column":4},"end":{"line":21,"column":141}}],"line":21},"14":{"loc":{"start":{"line":21,"column":40},"end":{"line":21,"column":141}},"type":"if","locations":[{"start":{"line":21,"column":40},"end":{"line":21,"column":141}},{"start":{"line":21,"column":40},"end":{"line":21,"column":141}}],"line":21},"15":{"loc":{"start":{"line":21,"column":44},"end":{"line":21,"column":107}},"type":"binary-expr","locations":[{"start":{"line":21,"column":44},"end":{"line":21,"column":59}},{"start":{"line":21,"column":63},"end":{"line":21,"column":107}}],"line":21},"16":{"loc":{"start":{"line":25,"column":22},"end":{"line":27,"column":1}},"type":"binary-expr","locations":[{"start":{"line":25,"column":23},"end":{"line":25,"column":27}},{"start":{"line":25,"column":31},"end":{"line":25,"column":51}},{"start":{"line":25,"column":56},"end":{"line":27,"column":1}}],"line":25},"17":{"loc":{"start":{"line":26,"column":11},"end":{"line":26,"column":61}},"type":"cond-expr","locations":[{"start":{"line":26,"column":37},"end":{"line":26,"column":40}},{"start":{"line":26,"column":43},"end":{"line":26,"column":61}}],"line":26},"18":{"loc":{"start":{"line":26,"column":12},"end":{"line":26,"column":33}},"type":"binary-expr","locations":[{"start":{"line":26,"column":12},"end":{"line":26,"column":15}},{"start":{"line":26,"column":19},"end":{"line":26,"column":33}}],"line":26},"19":{"loc":{"start":{"line":43,"column":4},"end":{"line":45,"column":5}},"type":"if","locations":[{"start":{"line":43,"column":4},"end":{"line":45,"column":5}},{"start":{"line":43,"column":4},"end":{"line":45,"column":5}}],"line":43},"20":{"loc":{"start":{"line":43,"column":8},"end":{"line":43,"column":90}},"type":"binary-expr","locations":[{"start":{"line":43,"column":8},"end":{"line":43,"column":22}},{"start":{"line":43,"column":26},"end":{"line":43,"column":45}},{"start":{"line":43,"column":49},"end":{"line":43,"column":61}},{"start":{"line":43,"column":65},"end":{"line":43,"column":90}}],"line":43},"21":{"loc":{"start":{"line":46,"column":4},"end":{"line":48,"column":5}},"type":"if","locations":[{"start":{"line":46,"column":4},"end":{"line":48,"column":5}},{"start":{"line":46,"column":4},"end":{"line":48,"column":5}}],"line":46},"22":{"loc":{"start":{"line":46,"column":10},"end":{"line":46,"column":48}},"type":"binary-expr","locations":[{"start":{"line":46,"column":10},"end":{"line":46,"column":26}},{"start":{"line":46,"column":30},"end":{"line":46,"column":48}}],"line":46},"23":{"loc":{"start":{"line":59,"column":8},"end":{"line":63,"column":9}},"type":"if","locations":[{"start":{"line":59,"column":8},"end":{"line":63,"column":9}},{"start":{"line":59,"column":8},"end":{"line":63,"column":9}}],"line":59},"24":{"loc":{"start":{"line":81,"column":4},"end":{"line":83,"column":5}},"type":"if","locations":[{"start":{"line":81,"column":4},"end":{"line":83,"column":5}},{"start":{"line":81,"column":4},"end":{"line":83,"column":5}}],"line":81},"25":{"loc":{"start":{"line":88,"column":4},"end":{"line":90,"column":5}},"type":"if","locations":[{"start":{"line":88,"column":4},"end":{"line":90,"column":5}},{"start":{"line":88,"column":4},"end":{"line":90,"column":5}}],"line":88},"26":{"loc":{"start":{"line":97,"column":8},"end":{"line":99,"column":9}},"type":"if","locations":[{"start":{"line":97,"column":8},"end":{"line":99,"column":9}},{"start":{"line":97,"column":8},"end":{"line":99,"column":9}}],"line":97},"27":{"loc":{"start":{"line":97,"column":12},"end":{"line":97,"column":68}},"type":"binary-expr","locations":[{"start":{"line":97,"column":12},"end":{"line":97,"column":30}},{"start":{"line":97,"column":34},"end":{"line":97,"column":68}}],"line":97},"28":{"loc":{"start":{"line":110,"column":12},"end":{"line":123,"column":13}},"type":"if","locations":[{"start":{"line":110,"column":12},"end":{"line":123,"column":13}},{"start":{"line":110,"column":12},"end":{"line":123,"column":13}}],"line":110},"29":{"loc":{"start":{"line":115,"column":17},"end":{"line":123,"column":13}},"type":"if","locations":[{"start":{"line":115,"column":17},"end":{"line":123,"column":13}},{"start":{"line":115,"column":17},"end":{"line":123,"column":13}}],"line":115},"30":{"loc":{"start":{"line":118,"column":17},"end":{"line":123,"column":13}},"type":"if","locations":[{"start":{"line":118,"column":17},"end":{"line":123,"column":13}},{"start":{"line":118,"column":17},"en
[...]
},"loc":{"start":{"line":40,"column":28},"end":{"line":42,"column":5}},"line":40},"9":{"name":"(anonymous_9)","decl":{"start":{"line":43,"column":4},"end":{"line":43,"column":5}},"loc":{"start":{"line":43,"column":24},"end":{"line":45,"column":5}},"line":43},"10":{"name":"(anonymous_10)","decl":{"start":{"line":46,"column":4},"end":{"line":46,"column":5}},"loc":{"start":{"line":46,"column":16},"end":{"line":48,"column":5}},"line":46},"11":{"name":"(anonymous_11)","decl":{"start":{"line":49,"column":4},"end":{"line":49,"column":5}},"loc":{"start":{"line":49,"column":16},"end":{"line":51,"column":5}},"line":49},"12":{"name":"(anonymous_12)","decl":{"start":{"line":52,"column":4},"end":{"line":52,"column":5}},"loc":{"start":{"line":52,"column":18},"end":{"line":54,"column":5}},"line":52},"13":{"name":"(anonymous_13)","decl":{"start":{"line":55,"column":4},"end":{"line":55,"column":5}},"loc":{"start":{"line":55,"column":21},"end":{"line":75,"column":5}},"line":55}},"branchMap":{},"s":{"0":1,"1":1,"2":296,"3":296,"4":296,"5":296,"6":296,"7":296,"8":1456,"9":1456,"10":2048,"11":1752,"12":1456,"13":23952,"14":296,"15":296,"16":296,"17":592,"18":592,"19":296,"20":0,"21":0,"22":1},"f":{"0":296,"1":1456,"2":1456,"3":2048,"4":1752,"5":1456,"6":23952,"7":296,"8":296,"9":296,"10":592,"11":592,"12":296,"13":0},"b":{},"inputSourceMap":{"version":3,"file":"/Users/ericoh/Documents/GitHub/project_team200/src/classes/Building.ts","sources":["/Users/ericoh/Documents/GitHub/project_team200/src/classes/Building.ts"],"names":[],"mappings":";;;AAAA,MAAa,QAAQ;IACb,QAAQ,CAAS;IACjB,SAAS,CAAS;IAClB,OAAO,CAAS;IAChB,GAAG,CAAS;IACZ,GAAG,CAAS;IACZ,IAAI,CAAS;IAEpB;QACC,IAAI,CAAC,QAAQ,GAAG,EAAE,CAAC;QACnB,IAAI,CAAC,SAAS,GAAG,EAAE,CAAC;QACpB,IAAI,CAAC,OAAO,GAAG,EAAE,CAAC;QAClB,IAAI,CAAC,GAAG,GAAG,CAAC,CAAC;QACb,IAAI,CAAC,GAAG,GAAG,CAAC,CAAC;QACb,IAAI,CAAC,IAAI,GAAG,EAAE,CAAC;IAChB,CAAC;IAEM,WAAW;QACjB,OAAO,IAAI,CAAC,QAAQ,CAAC;IACtB,CAAC;IAEM,YAAY;QAClB,OAAO,IAAI,CAAC,SAAS,CAAC;IACvB,CAAC;IAEM,UAAU;QAChB,OAAO,IAAI,CAAC,OAAO,CAAC;IACrB,CAAC;IAEM,MAAM;QACZ,OAAO,IAAI,CAAC,GAAG,CAAC;IACjB,CAAC;IAEM,MAAM;QACZ,OAAO,IAAI,CAAC,GAAG,CAAC;IACjB,CAAC;IAEM,OAAO;QACb,OAAO,IAAI,CAAC,IAAI,CAAC;IAClB,CAAC;IAEM,WAAW,CAAC,QAAgB;QAClC,IAAI,CAAC,QAAQ,GAAG,QAAQ,CAAC;IAC1B,CAAC;IAEM,YAAY,CAAC,SAAiB;QACpC,IAAI,CAAC,SAAS,GAAG,SAAS,CAAC;IAC5B,CAAC;IAEM,UAAU,CAAC,OAAe;QAChC,IAAI,CAAC,OAAO,GAAG,OAAO,CAAC;IACxB,CAAC;IAEM,MAAM,CAAC,GAAW;QACxB,IAAI,CAAC,GAAG,GAAG,GAAG,CAAC;IAChB,CAAC;IAEM,MAAM,CAAC,GAAW;QACxB,IAAI,CAAC,GAAG,GAAG,GAAG,CAAC;IAChB,CAAC;IAEM,OAAO,CAAC,IAAY;QAC1B,IAAI,CAAC,IAAI,GAAG,IAAI,CAAC;IAClB,CAAC;IAEM,cAAc;QAEpB,IAAI,GAAG,GACN,YAAY;YACZ,IAAI,CAAC,QAAQ;YACb,IAAI;YACJ,aAAa;YACb,IAAI,CAAC,SAAS;YACd,IAAI;YACJ,WAAW;YACX,IAAI,CAAC,OAAO;YACZ,IAAI;YACJ,OAAO;YACP,IAAI,CAAC,GAAG;YACR,IAAI;YACJ,OAAO;YACP,IAAI,CAAC,GAAG;YACR,IAAI;YACJ,QAAQ;YACR,IAAI,CAAC,IAAI;YACT,IAAI,CAAC;QACN,OAAO,CAAC,GAAG,CAAC,GAAG,CAAC,CAAC;IAClB,CAAC;CACD;AAxFD,4BAwFC","sourcesContent":["export class Building {\n\tpublic fullname: string;\n\tpublic shortname: string;\n\tpublic address: string;\n\tpublic lat: number;\n\tpublic lon: number;\n\tpublic href: string;\n\n\tconstructor() {\n\t\tthis.fullname = \"\";\n\t\tthis.shortname = \"\";\n\t\tthis.address = \"\";\n\t\tthis.lat = 0;\n\t\tthis.lon = 0;\n\t\tthis.href = \"\";\n\t}\n\n\tpublic getFullName() {\n\t\treturn this.fullname;\n\t}\n\n\tpublic getShortName() {\n\t\treturn this.shortname;\n\t}\n\n\tpublic getAddress() {\n\t\treturn this.address;\n\t}\n\n\tpublic getLat() {\n\t\treturn this.lat;\n\t}\n\n\tpublic getLon() {\n\t\treturn this.lon;\n\t}\n\n\tpublic getHref() {\n\t\treturn this.href;\n\t}\n\n\tpublic setFullName(fullname: string) {\n\t\tthis.fullname = fullname;\n\t}\n\n\tpublic setShortName(shortname: string) {\n\t\tthis.shortname = shortname;\n\t}\n\n\tpublic setAddress(address: string) {\n\t\tthis.address = address;\n\t}\n\n\tpublic setLat(lat: number) {\n\t\tthis.lat = lat;\n\t}\n\n\tpublic setLon(lon: number) {\n\t\tthis.lon = lon;\n\t}\n\n\tpublic setHref(href: string) {\n\t\tthis.href = href;\n\t}\n\n\tpublic printALlFields() {\n\t\t// Print all the fields of the section in a readable manner\n\t\tlet tmp: string =\n\t\t\t\"fullname: \" +\n\t\t\tthis.fullname +\n\t\t\t\"\\n\" +\n\t\t\t\"shortname: \" +\n\t\t\tthis.shortname +\n\t\t\t\"\\n\" +\n\t\t\t\"address: \" +\n\t\t\tthis.address +\n\t\t\t\"\\n\" +\n\t\t\t\"lat: \" +\n\t\t\tthis.lat +\n\t\t\t\"\\n\" +\n\t\t\t\"lon: \" +\n\t\t\tthis.lon +\n\t\t\t\"\\n\" +\n\t\t\t\"href: \" +\n\t\t\tthis.href +\n\t\t\t\"\\n\";\n\t\tconsole.log(tmp);\n\t}\n}\n"]},"_coverageSchema":"1a1c01bbd47fc00a2c39e90264f33305004495a9","hash":"22f769a993cb1497f48666cb52fcdb0eb70da24d","contentHash":"6c2fcd41f34e6874c56ec87ae8b865d7c15a71118722b4cacc4ba91a01df330f"},"/Users/ericoh/Documents/GitHub/project_team200/src/classes/Rooms.ts":{"path":"/Users/ericoh/Documents/GitHub/project_team200/src/classes/Rooms.ts","statementMap":{"0":{"start":{"line":2,"column":0},"end":{"line":2,"column":62}},"1":{"start":{"line":3,"column":0},"end":{"line":3,"column":23}},"2":{"start":{"line":16,"column":14},"end":{"line":16,"column":15}},"3":{"start":{"line":18,"column":8},"end":{"line":18,"column":27}},"4":{"start":{"line":19,"column":8},"end":{"line":19,"column":28}},"5":{"start":{"line":20,"column":8},"end":{"line":20,"column":25}},"6":{"start":{"line":21,"column":8},"end":{"line":21,"column":23}},"7":{"start":{"line":22,"column":8},"end":{"line":22,"column":26}},"8":{"start":{"line":23,"column":8},"end":{"line":23,"column":21}},"9":{"start":{"line":24,"column":8},"end":{"line":24,"column":21}},"10":{"start":{"line":25,"column":8},"end":{"line":25,"column":23}},"11":{"start":{"line":26,"column":8},"end":{"line":26,"column":23}},"12":{"start":{"line":27,"column":8},"end":{"line":27,"column":28}},"13":{"start":{"line":28,"column":8},"end":{"line":28,"column":23}},"14":{"start":{"line":31,"column":8},"end":{"line":31,"column":29}},"15":{"start":{"line":34,"column":8},"end":{"line":34,"column":30}},"16":{"start":{"line":37,"column":8},"end":{"line":37,"column":27}},"17":{"start":{"line":40,"column":8},"end":{"line":40,"column":25}},"18":{"start":{"line":43,"column":8},"end":{"line":43,"column":28}},"19":{"start":{"line":46,"column":8},"end":{"line":46,"column":24}},"20":{"start":{"line":49,"column":8},"end":{"line":49,"column":24}},"21":{"start":{"line":52,"column":8},"end":{"line":52,"column":26}},"22":{"start":{"line":55,"column":8},"end":{"line":55,"column":25}},"23":{"start":{"line":58,"column":8},"end":{"line":58,"column":30}},"24":{"start":{"line":61,"column":8},"end":{"line":61,"column":25}},"25":{"start":{"line":64,"column":8},"end":{"line":64,"column":33}},"26":{"start":{"line":65,"column":8},"end":{"line":65,"column":23}},"27":{"start":{"line":68,"column":8},"end":{"line":68,"column":35}},"28":{"start":{"line":69,"column":8},"end":{"line":69,"column":23}},"29":{"start":{"line":72,"column":8},"end":{"line":72,"column":29}},"30":{"start":{"line":73,"column":8},"end":{"line":73,"column":23}},"31":{"start":{"line":76,"column":8},"end":{"line":76,"column":25}},"32":{"start":{"line":77,"column":8},"end":{"line":77,"column":23}},"33":{"start":{"line":80,"column":8},"end":{"line":80,"column":31}},"34":{"start":{"line":81,"column":8},"end":{"line":81,"column":23}},"35":{"start":{"line":84,"column":8},"end":{"line":84,"column":23}},"36":{"start":{"line":85,"column":8},"end":{"line":85,"column":23}},"37":{"start":{"line":88,"column":8},"end":{"line":88,"column":23}},"38":{"start":{"line":89,"column":8},"end":{"line":89,"column":23}},"39":{"start":{"line":92,"column":8},"end":{"line":92,"column":35}},"40":{"start":{"line":93,"column":8},"end":{"line":93,"column":23}},"41":{"start":{"line":96,"column":8},"end":{"line":96,"column":25}},"42":{"start":{"line":97,"column":8},"end":{"line":97,"column":23}},"43":{"start":{"line":100,"column":8},"end":{"line":100,"column":35}},"44":{"start":{"line":101,"column":8},"end":{"line":101,"column":23}},"45":{"start":{"line":104,"column":8},"end":{"line":104,"column":25}},"46":{"start":{"line":105,"column":8},"end":{"line":105,"column":23}},"47":{"start":{"line":108,"column":8},"end":{"line":108,"column":28}},"48":{"start":{"line":111,"column":18},"end":{"line":143,"column":16}},"49":{"start":{"line":144,"column":8},"end":{"line":144,"column":25}},"50":{"start":{"line":147,"column":0},"end":{"line":147,"column":22}}},"fnMap":{"0":{"name":"(anonymous_0)","decl":{"start":{"line":17,"column":4},"end":{"line":17,"column":5}},"loc":{"start":{"line":17,"column":18},"end":{"line":29,"column":5}},"line":17},"1":{"name":"(anonymous_1)","decl":{"start":{"line":30,"column":4},"end":{"line":30,"column":5}},"loc":{"start":{"line":30,"column":18},"end":{"line":32,"column":5}},"line":30},"2":{"name":"(anonymous_2)","decl":{"start":{"line":33,"column":4},"end":{"line":33,"column":5}},"loc":{"start":{"line":33,"column":19},"end":{"line":35,"column":5}},"line":33},"3":{"name":"(anonymous_3)","decl":{"start":{"line":36,"column":4},"end":{"line":36,"column":5}},"loc":{"start":{"line":36,"column":16},"end":{"line":38,"column":5}},"line":36},"4":{"name":"(anonymous_4)","decl":{"start":{"line":39,"column":4},"end":{"line":39,"column":5}},"loc":{"start":{"line":39,"column":14},"end":{"line":41,"column":5}},"line":39},"5":{"name":"(anonymous_5)","decl":{"start":{"line":42,"column":4},"end":{"line":42,"column":5}},"loc":{"start":{"line":42,"column":17},"end":{"line":44,"column":5}},"line":42},"6":{"name":"(anonymous_6)","decl":{"start":{"line":45,"column":4},"end":{"line":45,"column":5}},"loc":{"start":{"line":45,"column":13},"end":{"line":47,"column":5}},"line":45},"7":{"name":"(anonymous_7)","decl":{"start":{"line":48,"column":4},"end":{"line":48,"column":5}},"loc":{"start":{"line":48,"column":13},"end":{"line":50,"column":5}},"line":48},"8":{"name":"(anonymous_8)","decl":{"start":{"line":51,"column":4},"end":{"line":51,"column":5}},"loc":{"start":{"line":51,"column":15},"end":{"line":53,"column":5}},"line":51},"9":{"name":"(anonymous_9)","decl":{"start":{"line":54,"column":4},"end":{"line":54,"column":5}},"loc":{"start":{"line":54,"column":14},"end":{"line":56,"column":5}},"line":54},"10":{"name":"(anonymous_10)","decl":{"start":{"line":57,"column":4},"end":{"line":57,"column":5}},"loc":{"start":{"line":57,"column":19},"end":{"line":59,"column":5}},"line":57},"11":{"name":"(anonymous_11)","decl":{"start":{"line":60,"column":4},"end":{"line":60,"column":5}},"loc":{"start":{"line":60,"column":14},"end":{"line":62,"column":5}},"line":60},"12":{"name":"(anonymous_12)","decl":{"start":{"line":63,"column":4},"end":{"line":63,"column":5}},"loc":{"start":{"line":63,"column":26},"end":{"line":66,"column":5}},"line":63},"13":{"name":"(anonymous_13)","decl":{"start":{"line":67,"column":4},"end":{"line":67,"column":5}},"loc":{"start":{"line":67,"column":28},"end":{"line":70,"column":5}},"line":67},"14":{"name":"(anonymous_14)","decl":{"start":{"line":71,"column":4},"end":{"line":71,"column":5}},"loc":{"start":{"line":71,"column":22},"end":{"line":74,"column":5}},"line":71},"15":{"name":"(anonymous_15)","decl":{"start":{"line":75,"column":4},"end":{"line":75,"column":5}},"loc":{"start":{"line":75,"column":18},"end":{"line":78,"column":5}},"line":75},"16":{"name":"(anonymous_16)","decl":{"start":{"line":79,"column":4},"end":{"line":79,"column":5}},"loc":{"start":{"line":79,"column":24},"end":{"line":82,"column":5}},"line":79},"17":{"name":"(anonymous_17)","decl":{"start":{"line":83,"column":4},"end":{"line":83,"column":5}},"loc":{"start":{"line":83,"column":16},"end":{"line":86,"column":5}},"line":83},"18":{"name":"(anonymous_18)","decl":{"start":{"line":87,"column":4},"end":{"line":87,"column":5}},"loc":{"start":{"line":87,"column":16},"end":{"line":90,"column":5}},"line":87},"19":{"name":"(anonymous_19)","decl":{"start":{"line":91,"column":4},"end":{"line":91,"column":5}},"loc":{"start":{"line":91,"column":20},"end":{"line":94,"column":5}},"line":91},"20":{"name":"(anonymous_20)","decl":{"start":{"line":95,"column":4},"end":{"line":95,"column":5}},"loc":{"start":{"line":95,"column":18},"end":{"line":98,"column":5}},"line":95},"21":{"name":"(anonymous_21)","decl":{"start":{"line":99,"column":4},"end":{"line":99,"column":5}},"loc":{"start":{"line":99,"column":28},"end":{"line":102,"column":5}},"line":99},"22":{"name":"(anonymous_22)","decl":{"start":{"line":103,"column":4},"end":{"line":103,"column":5}},"loc":{"start":{"line":103,"column":18},"end":{"line":106,"column":5}},"line":103},"23":{"name":"(anonymous_23)","decl":{"start":{"line":107,"column":4},"end":{"line":107,"column":5}},"loc":{"start":{"line":107,"column":17},"end":{"line":109,"column":5}},"line":107},"24":{"name":"(anonymous_24)","decl":{"start":{"line":110,"column":4},"end":{"line":110,"column":5}},"loc":{"start":{"line":110,"column":21},"end":{"line":145,"column":5}},"line":110}},"branchMap":{},"s":{"0":1,"1":1,"2":1456,"3":1456,"4":1456,"5":1456,"6":1456,"7":1456,"8":1456,"9":1456,"10":1456,"11":1456,"12":1456,"13":1456,"14":0,"15":1456,"16":1456,"17":0,"18":0,"19":0,"20":0,"21":0,"22":0,"23":0,"24":0,"25":1456,"26":1456,"27":1456,"28":1456,"29":1456,"30":1456,"31":1456,"32":1456,"33":1456,"34":1456,"35":1456,"36":1456,"37":1456,"38":1456,"39":1456,"40":1456,"41":1456,"42":1456,"43":1456,"44":1456,"45":1456,"46":1456,"47":1456,"48":0,"49":0,"50":1},"f":{"0":1456,"1":0,"2":1456,"3":1456,"4":0,"5":0,"6":0,"7":0,"8":0,"9":0,"10":0,"11":0,"12":1456,"13":1456,"14":1456,"15":1456,"16":1456,"17":1456,"18":1456,"19":1456,"20":1456,"21":1456,"22":1456,"23":1456,"24":0},"b":{},"inputSourceMap":{"version":3,"file":"/Users/ericoh/Documents/GitHub/project_team200/src/classes/Rooms.ts","sources":["/Users/ericoh/Documents/GitHub/project_team200/src/classes/Rooms.ts"],"names":[],"mappings":";;;AAAA,MAAa,KAAK;IACT,QAAQ,CAAS;IACjB,SAAS,CAAS;IAClB,MAAM,CAAS;IACf,IAAI,CAAS;IACb,OAAO,CAAS;IAChB,GAAG,CAAS;IACZ,GAAG,CAAS;IACZ,KAAK,CAAS;IACd,IAAI,CAAS;IACb,SAAS,CAAS;IAClB,IAAI,CAAS;IAEb,OAAO,GAAG,CAAC,CAAC;IAEpB;QACC,IAAI,CAAC,QAAQ,GAAG,EAAE,CAAC;QACnB,IAAI,CAAC,SAAS,GAAI,EAAE,CAAC;QACrB,IAAI,CAAC,MAAM,GAAI,EAAE,CAAC;QAClB,IAAI,CAAC,IAAI,GAAI,EAAE,CAAC;QAChB,IAAI,CAAC,OAAO,GAAI,EAAE,CAAC;QACnB,IAAI,CAAC,GAAG,GAAG,CAAC,CAAC;QACb,IAAI,CAAC,GAAG,GAAG,CAAC,CAAC;QACb,IAAI,CAAC,KAAK,GAAG,CAAC,CAAC;QACf,IAAI,CAAC,IAAI,GAAI,EAAE,CAAC;QAChB,IAAI,CAAC,SAAS,GAAI,EAAE,CAAC;QACrB,IAAI,CAAC,IAAI,GAAI,EAAE,CAAC;IACjB,CAAC;IAEM,WAAW;QACjB,OAAO,IAAI,CAAC,QAAQ,CAAC;IACtB,CAAC;IAEM,YAAY;QAClB,OAAO,IAAI,CAAC,SAAS,CAAC;IACvB,CAAC;IAEM,SAAS;QACf,OAAO,IAAI,CAAC,MAAM,CAAC;IACpB,CAAC;IAEM,OAAO;QACb,OAAO,IAAI,CAAC,IAAI,CAAC;IAClB,CAAC;IAEM,UAAU;QAChB,OAAO,IAAI,CAAC,OAAO,CAAC;IACrB,CAAC;IAEM,MAAM;QACZ,OAAO,IAAI,CAAC,GAAG,CAAC;IACjB,CAAC;IAEM,MAAM;QACZ,OAAO,IAAI,CAAC,GAAG,CAAC;IACjB,CAAC;IAEM,QAAQ;QACd,OAAO,IAAI,CAAC,KAAK,CAAC;IACnB,CAAC;IAEM,OAAO;QACb,OAAO,IAAI,CAAC,IAAI,CAAC;IAClB,CAAC;IAEM,YAAY;QAClB,OAAO,IAAI,CAAC,SAAS,CAAC;IACvB,CAAC;IAEM,OAAO;QACb,OAAO,IAAI,CAAC,IAAI,CAAC;IAClB,CAAC;IAEM,WAAW,CAAC,QAAgB;QAClC,IAAI,CAAC,QAAQ,GAAG,QAAQ,CAAC;QACzB,IAAI,CAAC,OAAO,EAAE,CAAC;IAChB,CAAC;IAEM,YAAY,CAAC,SAAiB;QACpC,IAAI,CAAC,SAAS,GAAG,SAAS,CAAC;QAC3B,IAAI,CAAC,OAAO,EAAE,CAAC;IAChB,CAAC;IAEM,SAAS,CAAC,MAAc;QAC9B,IAAI,CAAC,MAAM,GAAG,MAAM,CAAC;QACrB,IAAI,CAAC,OAAO,EAAE,CAAC;IAChB,CAAC;IAEM,OAAO,CAAC,IAAY;QAC1B,IAAI,CAAC,IAAI,GAAG,IAAI,CAAC;QACjB,IAAI,CAAC,OAAO,EAAE,CAAC;IAChB,CAAC;IAEM,UAAU,CAAC,OAAe;QAChC,IAAI,CAAC,OAAO,GAAG,OAAO,CAAC;QACvB,IAAI,CAAC,OAAO,EAAE,CAAC;IAChB,CAAC;IAEM,MAAM,CAAC,GAAW;QACxB,IAAI,CAAC,GAAG,GAAG,GAAG,CAAC;QACf,IAAI,CAAC,OAAO,EAAE,CAAC;IAChB,CAAC;IAEM,MAAM,CAAC,GAAW;QACxB,IAAI,CAAC,GAAG,GAAG,GAAG,CAAC;QACf,IAAI,CAAC,OAAO,EAAE,CAAC;IAChB,CAAC;IAEM,QAAQ,CAAC,KAAa;QAC5B,IAAI,CAAC,KAAK,GAAG,MAAM,CAAC,KAAK,CAAC,CAAC;QAC3B,IAAI,CAAC,OAAO,EAAE,CAAC;IAChB,CAAC;IAEM,OAAO,CAAC,IAAY;QAC1B,IAAI,CAAC,IAAI,GAAG,IAAI,CAAC;QACjB,IAAI,CAAC,OAAO,EAAE,CAAC;IAChB,CAAC;IAEM,YAAY,CAAC,SAAiB;QACpC,IAAI,CAAC,SAAS,GAAG,SAAS,CAAC;QAC3B,IAAI,CAAC,OAAO,EAAE,CAAC;IAChB,CAAC;IAEM,OAAO,CAAC,IAAY;QAC1B,IAAI,CAAC,IAAI,GAAG,IAAI,CAAC;QACjB,IAAI,CAAC,OAAO,EAAE,CAAC;IAChB,CAAC;IAEM,UAAU;QAChB,OAAO,IAAI,CAAC,OAAO,CAAC;IACrB,CAAC;IAEM,cAAc;QAEpB,IAAI,GAAG,GACN,YAAY;YACZ,IAAI,CAAC,QAAQ;YACb,IAAI;YACJ,aAAa;YACb,IAAI,CAAC,SAAS;YACd,IAAI;YACJ,UAAU;YACV,IAAI,CAAC,MAAM;YACX,IAAI;YACJ,QAAQ;YACR,IAAI,CAAC,IAAI;YACT,IAAI;YACJ,WAAW;YACX,IAAI,CAAC,OAAO;YACZ,IAAI;YACJ,OAAO;YACP,IAAI,CAAC,GAAG;YACR,IAAI;YACJ,OAAO;YACP,IAAI,CAAC,GAAG;YACR,IAAI;YACJ,SAAS;YACT,IAAI,CAAC,KAAK;YACV,IAAI;YACJ,QAAQ;YACR,IAAI,CAAC,IAAI;YACT,IAAI;YACJ,aAAa;YACb,IAAI,CAAC,SAAS;YACd,IAAI;YACJ,QAAQ;YACR,IAAI,CAAC,IAAI;YACT,IAAI,CAAC;QACN,OAAO,CAAC,GAAG,CAAC,GAAG,CAAC,CAAC;IAClB,CAAC;CACD;AA1KD,sBA0KC","sourcesContent":["export class Rooms {\n\tprivate fullname: string;\n\tprivate shortname: string;\n\tprivate number: string;\n\tprivate name: string;\n\tprivate address: string;\n\tprivate lat: number;\n\tprivate lon: number;\n\tprivate seats: number;\n\tprivate type: string;\n\tprivate furniture: string;\n\tprivate href: string;\n\n\tprivate counter = 0;\n\n\tconstructor() {\n\t\tthis.fullname = \"\";\n\t\tthis.shortname =  \"\";\n\t\tthis.number =  \"\";\n\t\tthis.name =  \"\";\n\t\tthis.address =  \"\";\n\t\tthis.lat = 0;\n\t\tthis.lon = 0;\n\t\tthis.seats = 0;\n\t\tthis.type =  \"\";\n\t\tthis.furniture =  \"\";\n\t\tthis.href =  \"\";\n\t}\n\n\tpublic getFullName() {\n\t\treturn this.fullname;\n\t}\n\n\tpublic getShortName() {\n\t\treturn this.shortname;\n\t}\n\n\tpublic getNumber() {\n\t\treturn this.number;\n\t}\n\n\tpublic getName() {\n\t\treturn this.name;\n\t}\n\n\tpublic getAddress() {\n\t\treturn this.address;\n\t}\n\n\tpublic getLat() {\n\t\treturn this.lat;\n\t}\n\n\tpublic getLon() {\n\t\treturn this.lon;\n\t}\n\n\tpublic getSeats() {\n\t\treturn this.seats;\n\t}\n\n\tpublic getType() {\n\t\treturn this.type;\n\t}\n\n\tpublic getFurniture() {\n\t\treturn this.furniture;\n\t}\n\n\tpublic getHref() {\n\t\treturn this.href;\n\t}\n\n\tpublic setFullName(fullname: string) {\n\t\tthis.fullname = fullname;\n\t\tthis.counter++;\n\t}\n\n\tpublic setShortName(shortname: string) {\n\t\tthis.shortname = shortname;\n\t\tthis.counter++;\n\t}\n\n\tpublic setNumber(number: string) {\n\t\tthis.number = number;\n\t\tthis.counter++;\n\t}\n\n\tpublic setName(name: string) {\n\t\tthis.name = name;\n\t\tthis.counter++;\n\t}\n\n\tpublic setAddress(address: string) {\n\t\tthis.address = address;\n\t\tthis.counter++;\n\t}\n\n\tpublic setLat(lat: number) {\n\t\tthis.lat = lat;\n\t\tthis.counter++;\n\t}\n\n\tpublic setLon(lon: number) {\n\t\tthis.lon = lon;\n\t\tthis.counter++;\n\t}\n\n\tpublic setSeats(seats: number) {\n\t\tthis.seats = Number(seats);\n\t\tthis.counter++;\n\t}\n\n\tpublic setType(type: string) {\n\t\tthis.type = type;\n\t\tthis.counter++;\n\t}\n\n\tpublic setFurniture(furniture: string) {\n\t\tthis.furniture = furniture;\n\t\tthis.counter++;\n\t}\n\n\tpublic setHref(href: string) {\n\t\tthis.href = href;\n\t\tthis.counter++;\n\t}\n\n\tpublic getCounter(){\n\t\treturn this.counter;\n\t}\n\n\tpublic printALlFields() {\n\t\t// Print all the fields of the section in a readable manner\n\t\tlet tmp: string =\n\t\t\t\"fullname: \" +\n\t\t\tthis.fullname +\n\t\t\t\"\\n\" +\n\t\t\t\"shortname: \" +\n\t\t\tthis.shortname +\n\t\t\t\"\\n\" +\n\t\t\t\"number: \" +\n\t\t\tthis.number +\n\t\t\t\"\\n\" +\n\t\t\t\"name: \" +\n\t\t\tthis.name +\n\t\t\t\"\\n\" +\n\t\t\t\"address: \" +\n\t\t\tthis.address +\n\t\t\t\"\\n\" +\n\t\t\t\"lat: \" +\n\t\t\tthis.lat +\n\t\t\t\"\\n\" +\n\t\t\t\"lon: \" +\n\t\t\tthis.lon +\n\t\t\t\"\\n\" +\n\t\t\t\"seats: \" +\n\t\t\tthis.seats +\n\t\t\t\"\\n\" +\n\t\t\t\"type: \" +\n\t\t\tthis.type +\n\t\t\t\"\\n\" +\n\t\t\t\"furniture: \" +\n\t\t\tthis.furniture +\n\t\t\t\"\\n\" +\n\t\t\t\"href: \" +\n\t\t\tthis.href +\n\t\t\t\"\\n\";\n\t\tconsole.log(tmp);\n\t}\n}\n"]},"_coverageSchema":"1a1c01bbd47fc00a2c39e90264f33305004495a9","hash":"f4f49d307f53ec9fd419488306388b02d20e8d6d","contentHash":"49518ada18f0511fcfcc8bfcdb1d25e88bd32c9d2b6220ad75bdc9d278f2202b"}}